<?xml version="1.0" encoding="UTF-8"?>
<testsuite xmlns:xsi="http://www.w3.org/2001/XMLSchema-instance" xsi:noNamespaceSchemaLocation="https://maven.apache.org/surefire/maven-surefire-plugin/xsd/surefire-test-report-3.0.xsd" version="3.0" name="org.example.domain.service.MatchingEngineTest" time="0.03" tests="9" errors="0" skipped="0" failures="0">
  <properties>
[...]
</properties>
  <testcase name="priceTimePriority_fifoWithinLevel" classname="org.example.domain.service.MatchingEngineTest" time="0.008">
    <system-out><![CDATA[01:25:55.644 [main] INFO org.example.domain.service.MatchingEngine -- MatchingEngine[SBER] order s1 ? 0 trades, remaining=10
01:25:55.644 [main] INFO org.example.domain.service.MatchingEngine -- MatchingEngine[SBER] order s2 ? 0 trades, remaining=10
01:25:55.644 [main] INFO org.example.domain.service.MatchingEngine -- MatchingEngine[SBER] order 7fd23974-fb54-49f2-84d9-7ff3826901d8 ? 1 trades, remaining=0
]]></system-out>
  </testcase>
  <testcase name="partialFill_sellAcrossMultipleBidLevels" classname="org.example.domain.service.MatchingEngineTest" time="0.002">
    <system-out><![CDATA[01:25:55.650 [main] INFO org.example.domain.service.MatchingEngine -- MatchingEngine[SBER] order cbc3dbde-8152-4c65-af8d-e1ed03de216b ? 0 trades, remaining=20
01:25:55.650 [main] INFO org.example.domain.service.MatchingEngine -- MatchingEngine[SBER] order f648b2db-8097-42ac-9f65-47ba2e18c258 ? 0 trades, remaining=20
01:25:55.650 [main] INFO org.example.domain.service.MatchingEngine -- MatchingEngine[SBER] order e7dc56dc-e9eb-4691-8a3a-7dd14920ae33 ? 0 trades, remaining=20
01:25:55.650 [main] INFO org.example.domain.service.MatchingEngine -- MatchingEngine[SBER] order 9c2e3896-0ef1-4501-8318-65b930cd2a15 ? 3 trades, remaining=0
]]></system-out>
  </testcase>
  <testcase name="fullFill_buySell_samePrice" classname="org.example.domain.service.MatchingEngineTest" time="0.003">
    <system-out><![CDATA[01:25:55.653 [main] INFO org.example.domain.service.MatchingEngine -- MatchingEngine[SBER] order 6cc5344c-4578-47c6-b74c-f3cbc1b8284a ? 0 trades, remaining=50
01:25:55.653 [main] INFO org.example.domain.service.MatchingEngine -- MatchingEngine[SBER] order f9623d37-3388-4195-964d-6b801e0c430f ? 1 trades, remaining=0
]]></system-out>
  </testcase>
  <testcase name="cancelOrder_nonExistent_returnsFalse" classname="org.example.domain.service.MatchingEngineTest" time="0.001"/>
  <testcase name="partialFill_buyLargerThanSell" classname="org.example.domain.service.MatchingEngineTest" time="0.002">
    <system-out><![CDATA[01:25:55.658 [main] INFO org.example.domain.service.MatchingEngine -- MatchingEngine[SBER] order 3ca961d6-b32e-447c-b7a7-15c46dc60d99 ? 0 trades, remaining=30
01:25:55.658 [main] INFO org.example.domain.service.MatchingEngine -- MatchingEngine[SBER] order 3b263d3c-d30d-436c-ad73-096eaa325c2c ? 1 trades, remaining=20
]]></system-out>
  </testcase>
  <testcase name="noMatch_buyBelowAsk" classname="org.example.domain.service.MatchingEngineTest" time="0.002">
    <system-out><![CDATA[01:25:55.660 [main] INFO org.example.domain.service.MatchingEngine -- MatchingEngine[SBER] order 404fe7a4-b0d9-4e40-89bc-fcd55b98af21 ? 0 trades, remaining=50
01:25:55.660 [main] INFO org.example.domain.service.MatchingEngine -- MatchingEngine[SBER] order dda51495-07dd-432a-8d35-16aef723ddca ? 0 trades, remaining=50
]]></system-out>
  </testcase>
  <testcase name="cancelOrder_removedFromBook" classname="org.example.domain.service.MatchingEngineTest" time="0.002">
    <system-out><![CDATA[01:25:55.662 [main] INFO org.example.domain.service.MatchingEngine -- MatchingEngine[SBER] order b1 ? 0 trades, remaining=50
]]></system-out>
  </testcase>
  <testcase name="selfMatchPrevention" classname="org.example.domain.service.MatchingEngineTest" time="0.002">
    <system-out><![CDATA[01:25:55.664 [main] INFO org.example.domain.service.MatchingEngine -- MatchingEngine[SBER] order 06cff241-f5cb-4cdd-b902-cdc5c97ee780 ? 0 trades, remaining=50
01:25:55.664 [main] WARN org.example.domain.service.MatchingEngine -- Self-match prevented: user sameUser order a92e75fa-97f6-46ba-8bc1-6f96ea7958e0 vs 06cff241-f5cb-4cdd-b902-cdc5c97ee780
01:25:55.664 [main] INFO org.example.domain.service.MatchingEngine -- MatchingEngine[SBER] order a92e75fa-97f6-46ba-8bc1-6f96ea7958e0 ? 0 trades, remaining=50
]]></system-out>
  </testcase>
  <testcase name="bidAskSpread" classname="org.example.domain.service.MatchingEngineTest" time="0.004">
    <system-out><![CDATA[01:25:55.666 [main] INFO org.example.domain.service.MatchingEngine -- MatchingEngine[SBER] order 4dfa72ee-dbb7-408c-882e-a1320dc402bb ? 0 trades, remaining=10
01:25:55.666 [main] INFO org.example.domain.service.MatchingEngine -- MatchingEngine[SBER] order 3688b02e-7ba9-41f1-be21-3b9d86de3ee9 ? 0 trades, remaining=10
]]></system-out>
  </testcase>
</testsuite>