<?xml version="1.0" encoding="UTF-8"?>
<testsuite xmlns:xsi="http://www.w3.org/2001/XMLSchema-instance" xsi:noNamespaceSchemaLocation="https://maven.apache.org/surefire/maven-surefire-plugin/xsd/surefire-test-report-3.0.xsd" version="3.0" name="org.example.domain.service.MatchingEngineConcurrencyTest" time="0.367" tests="3" errors="0" skipped="0" failures="0">
  <properties>
[...]
</properties>
  <testcase name="partialFillThenCancel" classname="org.example.domain.service.MatchingEngineConcurrencyTest" time="0.205">
    <system-out><![CDATA[01:25:55.424 [main] INFO org.example.domain.service.MatchingEngine -- MatchingEngine[GAZP] order sell-1 ? 0 trades, remaining=100
01:25:55.432 [main] INFO org.example.domain.service.MatchingEngine -- MatchingEngine[GAZP] order 2874250a-bbf1-4f16-9a9a-3fe407702006 ? 1 trades, remaining=0
01:25:55.432 [main] INFO org.example.domain.service.MatchingEngine -- MatchingEngine[GAZP] order 9bdc2619-2d0a-4311-9464-b7162b1dc730 ? 1 trades, remaining=0
01:25:55.432 [main] INFO org.example.domain.service.MatchingEngine -- MatchingEngine[GAZP] order 7026763b-111e-4962-951a-07377f553286 ? 1 trades, remaining=0
]]></system-out>
  </testcase>
  <testcase name="largeSellConsumesManyBids" classname="org.example.domain.service.MatchingEngineConcurrencyTest" time="0.009">
    <system-out><![CDATA[01:25:55.501 [main] INFO org.example.domain.service.MatchingEngine -- MatchingEngine[YNDX] order dbd68450-db11-47dc-b288-f95f06450050 ? 0 trades, remaining=10
01:25:55.503 [main] INFO org.example.domain.service.MatchingEngine -- MatchingEngine[YNDX] order d673b445-a5e3-49b1-911e-7d250887d7f2 ? 0 trades, remaining=10
01:25:55.503 [main] INFO org.example.domain.service.MatchingEngine -- MatchingEngine[YNDX] order 42a42f8a-ddd2-4f5f-a31b-b72773b82b39 ? 0 trades, remaining=10
01:25:55.503 [main] INFO org.example.domain.service.MatchingEngine -- MatchingEngine[YNDX] order 6e598ce4-2db4-4e55-a688-85a15f451f26 ? 0 trades, remaining=10
01:25:55.503 [main] INFO org.example.domain.service.MatchingEngine -- MatchingEngine[YNDX] order 120b8dac-3dda-4900-8d9d-835e2517aa1f ? 0 trades, remaining=10
01:25:55.504 [main] INFO org.example.domain.service.MatchingEngine -- MatchingEngine[YNDX] order 4eea71da-97ca-4154-bee0-2bb0f6da9fcd ? 0 trades, remaining=10
01:25:55.504 [main] INFO org.example.domain.service.MatchingEngine -- MatchingEngine[YNDX] order d7a0059f-3bd7-49ba-9410-960d45e629a3 ? 0 trades, remaining=10
01:25:55.505 [main] INFO org.example.domain.service.MatchingEngine -- MatchingEngine[YNDX] order 40abd435-42ef-4082-a735-a498b394a2f3 ? 0 trades, remaining=10
01:25:55.505 [main] INFO org.example.domain.service.MatchingEngine -- MatchingEngine[YNDX] order a73dceb9-52b1-4f2f-9751-17335e5569e7 ? 0 trades, remaining=10
01:25:55.505 [main] INFO org.example.domain.service.MatchingEngine -- MatchingEngine[YNDX] order f3c4c8f8-2aaf-44e6-a651-e0457267e36d ? 0 trades, remaining=10
01:25:55.506 [main] INFO org.example.domain.service.MatchingEngine -- MatchingEngine[YNDX] order 6999b731-561b-45e4-9dbe-b6a64fbf41ee ? 10 trades, remaining=0
]]></system-out>
  </testcase>
  <testcase name="concurrentOrders_noDataCorruption" classname="org.example.domain.service.MatchingEngineConcurrencyTest" time="0.122">
    <system-out><![CDATA[01:25:55.522 [pool-2-thread-1] INFO org.example.domain.service.MatchingEngine -- MatchingEngine[SBER] order 9baf5177-a344-45d3-a97f-00e7e1043d56 ? 0 trades, remaining=1
01:25:55.523 [pool-2-thread-7] INFO org.example.domain.service.MatchingEngine -- MatchingEngine[SBER] order b1d7e5b2-9e28-4c5e-9b55-12a60cee4c9e ? 0 trades, remaining=1
01:25:55.523 [pool-2-thread-5] INFO org.example.domain.service.MatchingEngine -- MatchingEngine[SBER] order dbd8c082-b8e5-41b1-8b97-6bcb5f701074 ? 0 trades, remaining=1
01:25:55.523 [pool-2-thread-6] INFO org.example.domain.service.MatchingEngine -- MatchingEngine[SBER] order e5d6e684-9b79-4662-b6fb-5b0b7696613a ? 0 trades, remaining=1
01:25:55.523 [pool-2-thread-3] INFO org.example.domain.service.MatchingEngine -- MatchingEngine[SBER] order d51d52d0-02b1-46c6-8b7d-ca018b16255c ? 0 trades, remaining=1
01:25:55.524 [pool-2-thread-8] INFO org.example.domain.service.MatchingEngine -- MatchingEngine[SBER] order 7e326106-bbfc-41dc-8ae0-40628e035698 ? 0 trades, remaining=1
01:25:55.524 [pool-2-thread-9] INFO org.example.domain.service.MatchingEngine -- MatchingEngine[SBER] order ca432cab-db38-4d66-b717-7dfc33272e1d ? 0 trades, remaining=1
01:25:55.524 [pool-2-thread-2] INFO org.example.domain.service.MatchingEngine -- MatchingEngine[SBER] order fe2a0442-39d9-437e-8d94-e068955d6b6d ? 0 trades, remaining=1
01:25:55.524 [pool-2-thread-4] INFO org.example.domain.service.MatchingEngine -- MatchingEngine[SBER] order 31affe31-851f-4d20-8c08-b5fd37af6de3 ? 0 trades, remaining=1
01:25:55.525 [pool-2-thread-10] INFO org.example.domain.service.MatchingEngine -- MatchingEngine[SBER] order dc7ac05d-e97f-4a2b-8446-dadc8bb5b5d2 ? 0 trades, remaining=1
01:25:55.525 [pool-2-thread-1] INFO org.example.domain.service.MatchingEngine -- MatchingEngine[SBER] order ea7fd5f0-837d-4d69-80d5-9883e7503d05 ? 0 trades, remaining=2
01:25:55.525 [pool-2-thread-7] INFO org.example.domain.service.MatchingEngine -- MatchingEngine[SBER] order a3f5b245-a236-484e-b1d0-93c4c7f5a981 ? 0 trades, remaining=2
01:25:55.525 [pool-2-thread-5] INFO org.example.domain.service.MatchingEngine -- MatchingEngine[SBER] order ad1078cc-beb8-43e4-998f-c22f952aef62 ? 0 trades, remaining=2
01:25:55.525 [pool-2-thread-6] INFO org.example.domain.service.MatchingEngine -- MatchingEngine[SBER] order f3ae34a1-6e1f-4e1d-88a5-6d0270bb6695 ? 0 trades, remaining=2
01:25:55.525 [pool-2-thread-9] INFO org.example.domain.service.MatchingEngine -- MatchingEngine[SBER] order 1d2ecd7b-c1a5-4a83-be3a-cd24263f831d ? 0 trades, remaining=2
01:25:55.525 [pool-2-thread-3] INFO org.example.domain.service.MatchingEngine -- MatchingEngine[SBER] order 06aed14b-1034-4084-8187-a9412ae8ba3a ? 0 trades, remaining=2
01:25:55.526 [pool-2-thread-8] INFO org.example.domain.service.MatchingEngine -- MatchingEngine[SBER] order c3472f9d-24e2-420b-9d11-7b073c6a115c ? 0 trades, remaining=2
01:25:55.526 [pool-2-thread-2] INFO org.example.domain.service.MatchingEngine -- MatchingEngine[SBER] order 0b2077d2-391e-4eb5-bfee-624624421859 ? 0 trades, remaining=2
01:25:55.526 [pool-2-thread-4] INFO org.example.domain.service.MatchingEngine -- MatchingEngine[SBER] order 2b47897d-daed-4bd1-922d-9799e1f09e09 ? 0 trades, remaining=2
01:25:55.527 [pool-2-thread-10] INFO org.example.domain.service.MatchingEngine -- MatchingEngine[SBER] order 5dd71f29-e755-4a16-90b8-e65d5873e1ee ? 0 trades, remaining=2
01:25:55.527 [pool-2-thread-1] WARN org.example.domain.service.MatchingEngine -- Self-match prevented: user user0 order 9dfd7a23-fc56-474f-8d16-9cd22c77f485 vs ea7fd5f0-837d-4d69-80d5-9883e7503d05
01:25:55.527 [pool-2-thread-1] INFO org.example.domain.service.MatchingEngine -- MatchingEngine[SBER] order 9dfd7a23-fc56-474f-8d16-9cd22c77f485 ? 0 trades, remaining=3
01:25:55.527 [pool-2-thread-7] WARN org.example.domain.service.MatchingEngine -- Self-match prevented: user user6 order b925e015-7c06-4087-bd82-547cca2a6673 vs a3f5b245-a236-484e-b1d0-93c4c7f5a981
01:25:55.528 [pool-2-thread-7] INFO org.example.domain.service.MatchingEngine -- MatchingEngine[SBER] order b925e015-7c06-4087-bd82-547cca2a6673 ? 1 trades, remaining=1
01:25:55.528 [pool-2-thread-5] WARN org.example.domain.service.MatchingEngine -- Self-match prevented: user user4 order 37de633d-945c-4c6a-a917-9d9f13309acd vs ad1078cc-beb8-43e4-998f-c22f952aef62
01:25:55.528 [pool-2-thread-5] INFO org.example.domain.service.MatchingEngine -- MatchingEngine[SBER] order 37de633d-945c-4c6a-a917-9d9f13309acd ? 1 trades, remaining=1
01:25:55.528 [pool-2-thread-6] WARN org.example.domain.service.MatchingEngine -- Self-match prevented: user user5 order b209d912-00cd-48ff-bfd1-c793933941a2 vs f3ae34a1-6e1f-4e1d-88a5-6d0270bb6695
01:25:55.528 [pool-2-thread-6] INFO org.example.domain.service.MatchingEngine -- MatchingEngine[SBER] order b209d912-00cd-48ff-bfd1-c793933941a2 ? 1 trades, remaining=1
01:25:55.528 [pool-2-thread-9] WARN org.example.domain.service.MatchingEngine -- Self-match prevented: user user8 order 45394501-7b72-4ded-8344-7ee0b64500ef vs 1d2ecd7b-c1a5-4a83-be3a-cd24263f831d
01:25:55.528 [pool-2-thread-9] INFO org.example.domain.service.MatchingEngine -- MatchingEngine[SBER] order 45394501-7b72-4ded-8344-7ee0b64500ef ? 1 trades, remaining=1
01:25:55.528 [pool-2-thread-3] WARN org.example.domain.service.MatchingEngine -- Self-match prevented: user user2 order 9bf055ee-c021-400d-8f3d-34104bf46419 vs 06aed14b-1034-4084-8187-a9412ae8ba3a
01:25:55.528 [pool-2-thread-3] INFO org.example.domain.service.MatchingEngine -- MatchingEngine[SBER] order 9bf055ee-c021-400d-8f3d-34104bf46419 ? 1 trades, remaining=1
01:25:55.528 [pool-2-thread-8] WARN org.example.domain.service.MatchingEngine -- Self-match prevented: user user7 order 3e2626d9-0175-4f4e-8e65-7001f9287c5a vs c3472f9d-24e2-420b-9d11-7b073c6a115c
01:25:55.529 [pool-2-thread-8] INFO org.example.domain.service.MatchingEngine -- MatchingEngine[SBER] order 3e2626d9-0175-4f4e-8e65-7001f9287c5a ? 1 trades, remaining=1
01:25:55.529 [pool-2-thread-2] WARN org.example.domain.service.MatchingEngine -- Self-match prevented: user user1 order 31e0d5cb-160f-4f8e-9f3e-b89d10101452 vs 0b2077d2-391e-4eb5-bfee-624624421859
01:25:55.529 [pool-2-thread-2] INFO org.example.domain.service.MatchingEngine -- MatchingEngine[SBER] order 31e0d5cb-160f-4f8e-9f3e-b89d10101452 ? 1 trades, remaining=1
01:25:55.529 [pool-2-thread-4] WARN org.example.domain.service.MatchingEngine -- Self-match prevented: user user3 order 3517ca33-33a0-49aa-9caf-55ab27e111ce vs 2b47897d-daed-4bd1-922d-9799e1f09e09
01:25:55.529 [pool-2-thread-4] INFO org.example.domain.service.MatchingEngine -- MatchingEngine[SBER] order 3517ca33-33a0-49aa-9caf-55ab27e111ce ? 1 trades, remaining=1
01:25:55.529 [pool-2-thread-10] WARN org.example.domain.service.MatchingEngine -- Self-match prevented: user user9 order 6af59f90-30fc-4788-8414-290d07ff702e vs 5dd71f29-e755-4a16-90b8-e65d5873e1ee
01:25:55.529 [pool-2-thread-10] INFO org.example.domain.service.MatchingEngine -- MatchingEngine[SBER] order 6af59f90-30fc-4788-8414-290d07ff702e ? 1 trades, remaining=1
01:25:55.530 [pool-2-thread-1] INFO org.example.domain.service.MatchingEngine -- MatchingEngine[SBER] order ac6bd9db-dcfc-49be-bb01-cf4600dd45a7 ? 0 trades, remaining=4
01:25:55.530 [pool-2-thread-7] INFO org.example.domain.service.MatchingEngine -- MatchingEngine[SBER] order 472322da-efce-4a59-8dca-f0aa07207511 ? 0 trades, remaining=4
01:25:55.530 [pool-2-thread-5] INFO org.example.domain.service.MatchingEngine -- MatchingEngine[SBER] order d1608a19-b85c-4114-9ea5-c1b08810a54f ? 0 trades, remaining=4
01:25:55.530 [pool-2-thread-6] INFO org.example.domain.service.MatchingEngine -- MatchingEngine[SBER] order 362a911f-60af-4c0e-b452-ed63c1a56ef6 ? 0 trades, remaining=4
01:25:55.530 [pool-2-thread-9] INFO org.example.domain.service.MatchingEngine -- MatchingEngine[SBER] order faca9c5d-1c22-4ac4-9933-97d04099b8d8 ? 0 trades, remaining=4
01:25:55.531 [pool-2-thread-3] INFO org.example.domain.service.MatchingEngine -- MatchingEngine[SBER] order 5de06f1c-5351-4797-97f6-c8fbbe1f4244 ? 0 trades, remaining=4
01:25:55.531 [pool-2-thread-8] INFO org.example.domain.service.MatchingEngine -- MatchingEngine[SBER] order 4ae8ae95-6eea-48b3-acfd-9f01638f194b ? 0 trades, remaining=4
01:25:55.531 [pool-2-thread-2] INFO org.example.domain.service.MatchingEngine -- MatchingEngine[SBER] order 62b3694d-ba9d-4895-b8ac-86e73e65d4f1 ? 0 trades, remaining=4
01:25:55.531 [pool-2-thread-4] INFO org.example.domain.service.MatchingEngine -- MatchingEngine[SBER] order a0d8a913-6078-4cb5-80a8-e125a63e406e ? 0 trades, remaining=4
01:25:55.531 [pool-2-thread-10] INFO org.example.domain.service.MatchingEngine -- MatchingEngine[SBER] order 8bc0dcc9-adc8-4715-b501-aa0720294706 ? 0 trades, remaining=4
01:25:55.533 [pool-2-thread-1] WARN org.example.domain.service.MatchingEngine -- Self-match prevented: user user0 order 7a99031e-4119-4027-8e55-fcbe2d453ebc vs ac6bd9db-dcfc-49be-bb01-cf4600dd45a7
01:25:55.533 [pool-2-thread-1] INFO org.example.domain.service.MatchingEngine -- MatchingEngine[SBER] order 7a99031e-4119-4027-8e55-fcbe2d453ebc ? 1 trades, remaining=3
01:25:55.533 [pool-2-thread-7] WARN org.example.domain.service.MatchingEngine -- Self-match prevented: user user6 order 194ee1b9-0af1-49d0-adce-d1bdff0f765c vs 472322da-efce-4a59-8dca-f0aa07207511
01:25:55.533 [pool-2-thread-7] INFO org.example.domain.service.MatchingEngine -- MatchingEngine[SBER] order 194ee1b9-0af1-49d0-adce-d1bdff0f765c ? 1 trades, remaining=1
01:25:55.533 [pool-2-thread-5] WARN org.example.domain.service.MatchingEngine -- Self-match prevented: user user4 order fe57588a-6d87-4e84-8e33-0e2e677b1ae5 vs d1608a19-b85c-4114-9ea5-c1b08810a54f
01:25:55.533 [pool-2-thread-5] INFO org.example.domain.service.MatchingEngine -- MatchingEngine[SBER] order fe57588a-6d87-4e84-8e33-0e2e677b1ae5 ? 1 trades, remaining=1
01:25:55.534 [pool-2-thread-6] WARN org.example.domain.service.MatchingEngine -- Self-match prevented: user user5 order 12da601c-9e76-4176-9515-84385f07d78c vs 362a911f-60af-4c0e-b452-ed63c1a56ef6
01:25:55.534 [pool-2-thread-6] INFO org.example.domain.service.MatchingEngine -- MatchingEngine[SBER] order 12da601c-9e76-4176-9515-84385f07d78c ? 1 trades, remaining=1
01:25:55.534 [pool-2-thread-9] WARN org.example.domain.service.MatchingEngine -- Self-match prevented: user user8 order 0d7596af-ee5d-43a0-bf09-2cc1ffed527d vs faca9c5d-1c22-4ac4-9933-97d04099b8d8
01:25:55.534 [pool-2-thread-9] INFO org.example.domain.service.MatchingEngine -- MatchingEngine[SBER] order 0d7596af-ee5d-43a0-bf09-2cc1ffed527d ? 1 trades, remaining=1
01:25:55.534 [pool-2-thread-3] WARN org.example.domain.service.MatchingEngine -- Self-match prevented: user user2 order cf1d6639-0df2-4fa2-a923-b7914f9e64cb vs 5de06f1c-5351-4797-97f6-c8fbbe1f4244
01:25:55.534 [pool-2-thread-3] INFO org.example.domain.service.MatchingEngine -- MatchingEngine[SBER] order cf1d6639-0df2-4fa2-a923-b7914f9e64cb ? 1 trades, remaining=1
01:25:55.534 [pool-2-thread-8] WARN org.example.domain.service.MatchingEngine -- Self-match prevented: user user7 order f8f54438-4ae6-4508-9e24-6ff561927ed2 vs 4ae8ae95-6eea-48b3-acfd-9f01638f194b
01:25:55.534 [pool-2-thread-8] INFO org.example.domain.service.MatchingEngine -- MatchingEngine[SBER] order f8f54438-4ae6-4508-9e24-6ff561927ed2 ? 1 trades, remaining=1
01:25:55.535 [pool-2-thread-2] WARN org.example.domain.service.MatchingEngine -- Self-match prevented: user user1 order 6af5e9e8-5185-4309-a639-a8437768f300 vs 62b3694d-ba9d-4895-b8ac-86e73e65d4f1
01:25:55.535 [pool-2-thread-2] INFO org.example.domain.service.MatchingEngine -- MatchingEngine[SBER] order 6af5e9e8-5185-4309-a639-a8437768f300 ? 1 trades, remaining=1
01:25:55.535 [pool-2-thread-4] WARN org.example.domain.service.MatchingEngine -- Self-match prevented: user user3 order b4c24af1-8d8c-4bbe-9d05-cb740b32b2a9 vs a0d8a913-6078-4cb5-80a8-e125a63e406e
01:25:55.535 [pool-2-thread-4] INFO org.example.domain.service.MatchingEngine -- MatchingEngine[SBER] order b4c24af1-8d8c-4bbe-9d05-cb740b32b2a9 ? 1 trades, remaining=1
01:25:55.535 [pool-2-thread-10] WARN org.example.domain.service.MatchingEngine -- Self-match prevented: user user9 order c281037d-19e1-4268-8c6b-255d0c52ef95 vs 8bc0dcc9-adc8-4715-b501-aa0720294706
01:25:55.535 [pool-2-thread-10] INFO org.example.domain.service.MatchingEngine -- MatchingEngine[SBER] order c281037d-19e1-4268-8c6b-255d0c52ef95 ? 1 trades, remaining=1
01:25:55.535 [pool-2-thread-1] INFO org.example.domain.service.MatchingEngine -- MatchingEngine[SBER] order 2f26604a-2a1b-4312-ade6-16cfd9cf75f4 ? 0 trades, remaining=1
01:25:55.535 [pool-2-thread-7] INFO org.example.domain.service.MatchingEngine -- MatchingEngine[SBER] order 744bb8da-7d01-4bc2-b50c-09862a0e34d3 ? 0 trades, remaining=1
01:25:55.535 [pool-2-thread-5] INFO org.example.domain.service.MatchingEngine -- MatchingEngine[SBER] order c4fb8c08-5af2-4fe1-9dee-9a71f81a9f70 ? 0 trades, remaining=1
01:25:55.535 [pool-2-thread-6] INFO org.example.domain.service.MatchingEngine -- MatchingEngine[SBER] order 289524c3-c13b-4180-9e33-6e69f7b7888a ? 0 trades, remaining=1
01:25:55.535 [pool-2-thread-9] INFO org.example.domain.service.MatchingEngine -- MatchingEngine[SBER] order 7037314d-d68a-4706-94f1-7d2d98ad9f32 ? 0 trades, remaining=1
01:25:55.536 [pool-2-thread-3] INFO org.example.domain.service.MatchingEngine -- MatchingEngine[SBER] order 5077e98b-6be9-4719-be7f-66c5eae506d8 ? 0 trades, remaining=1
01:25:55.536 [pool-2-thread-8] INFO org.example.domain.service.MatchingEngine -- MatchingEngine[SBER] order 37ba5adf-ae68-44eb-a98c-b410f2c562eb ? 0 trades, remaining=1
01:25:55.537 [pool-2-thread-2] INFO org.example.domain.service.MatchingEngine -- MatchingEngine[SBER] order 4f2fde5f-c2b9-44ca-bd83-0ebd0892c82e ? 0 trades, remaining=1
01:25:55.537 [pool-2-thread-4] INFO org.example.domain.service.MatchingEngine -- MatchingEngine[SBER] order dbcc3917-a090-4bd5-ab7a-f4aa427b9bfc ? 0 trades, remaining=1
01:25:55.537 [pool-2-thread-10] INFO org.example.domain.service.MatchingEngine -- MatchingEngine[SBER] order 0e1d2c43-ef29-419f-a49d-f239ea6b36d4 ? 0 trades, remaining=1
01:25:55.537 [pool-2-thread-1] INFO org.example.domain.service.MatchingEngine -- MatchingEngine[SBER] order 2c8a7143-5433-4bb1-9ab8-2fe790b4a17e ? 1 trades, remaining=0
01:25:55.537 [pool-2-thread-7] INFO org.example.domain.service.MatchingEngine -- MatchingEngine[SBER] order 7f75fa5a-e841-4f64-9254-ecfaee411a5c ? 1 trades, remaining=0
01:25:55.537 [pool-2-thread-5] INFO org.example.domain.service.MatchingEngine -- MatchingEngine[SBER] order 5709984c-32f1-46df-86f5-29e286295839 ? 2 trades, remaining=0
01:25:55.537 [pool-2-thread-6] WARN org.example.domain.service.MatchingEngine -- Self-match prevented: user user5 order bbf76c13-b7ab-4773-8373-ced97e0c06b9 vs 289524c3-c13b-4180-9e33-6e69f7b7888a
01:25:55.538 [pool-2-thread-6] INFO org.example.domain.service.MatchingEngine -- MatchingEngine[SBER] order bbf76c13-b7ab-4773-8373-ced97e0c06b9 ? 1 trades, remaining=1
01:25:55.538 [pool-2-thread-9] WARN org.example.domain.service.MatchingEngine -- Self-match prevented: user user8 order b412dacd-c754-492f-8b08-8c6b608059a0 vs 7037314d-d68a-4706-94f1-7d2d98ad9f32
01:25:55.538 [pool-2-thread-9] INFO org.example.domain.service.MatchingEngine -- MatchingEngine[SBER] order b412dacd-c754-492f-8b08-8c6b608059a0 ? 1 trades, remaining=1
01:25:55.538 [pool-2-thread-3] WARN org.example.domain.service.MatchingEngine -- Self-match prevented: user user2 order 00c745b4-386b-46fd-8849-987d619bfb59 vs 5077e98b-6be9-4719-be7f-66c5eae506d8
01:25:55.538 [pool-2-thread-3] INFO org.example.domain.service.MatchingEngine -- MatchingEngine[SBER] order 00c745b4-386b-46fd-8849-987d619bfb59 ? 1 trades, remaining=1
01:25:55.538 [pool-2-thread-8] WARN org.example.domain.service.MatchingEngine -- Self-match prevented: user user7 order 7dd43023-f1a6-4af2-bf9b-a4c44ec339e8 vs 37ba5adf-ae68-44eb-a98c-b410f2c562eb
01:25:55.538 [pool-2-thread-8] INFO org.example.domain.service.MatchingEngine -- MatchingEngine[SBER] order 7dd43023-f1a6-4af2-bf9b-a4c44ec339e8 ? 1 trades, remaining=1
01:25:55.538 [pool-2-thread-2] WARN org.example.domain.service.MatchingEngine -- Self-match prevented: user user1 order cdfaf1a6-049c-4a39-b76a-65eba539bcc1 vs 4f2fde5f-c2b9-44ca-bd83-0ebd0892c82e
01:25:55.538 [pool-2-thread-2] INFO org.example.domain.service.MatchingEngine -- MatchingEngine[SBER] order cdfaf1a6-049c-4a39-b76a-65eba539bcc1 ? 1 trades, remaining=1
01:25:55.538 [pool-2-thread-4] WARN org.example.domain.service.MatchingEngine -- Self-match prevented: user user3 order a8a3954e-26ca-48c8-987a-e5bd13d60ffa vs dbcc3917-a090-4bd5-ab7a-f4aa427b9bfc
01:25:55.538 [pool-2-thread-4] INFO org.example.domain.service.MatchingEngine -- MatchingEngine[SBER] order a8a3954e-26ca-48c8-987a-e5bd13d60ffa ? 1 trades, remaining=1
01:25:55.539 [pool-2-thread-10] WARN org.example.domain.service.MatchingEngine -- Self-match prevented: user user9 order 3c59ed27-a1ce-4e36-a760-366092a32034 vs 0e1d2c43-ef29-419f-a49d-f239ea6b36d4
01:25:55.539 [pool-2-thread-10] INFO org.example.domain.service.MatchingEngine -- MatchingEngine[SBER] order 3c59ed27-a1ce-4e36-a760-366092a32034 ? 1 trades, remaining=1
01:25:55.539 [pool-2-thread-1] INFO org.example.domain.service.MatchingEngine -- MatchingEngine[SBER] order ff5cd2f7-6e98-41a9-a3c8-31958393e091 ? 0 trades, remaining=3
01:25:55.539 [pool-2-thread-7] INFO org.example.domain.service.MatchingEngine -- MatchingEngine[SBER] order 2de2b0c8-496b-4d1c-be10-2dda76b0ceb2 ? 0 trades, remaining=3
01:25:55.539 [pool-2-thread-5] INFO org.example.domain.service.MatchingEngine -- MatchingEngine[SBER] order 6538a541-e984-4cee-a337-4a624e4903d1 ? 0 trades, remaining=3
01:25:55.539 [pool-2-thread-6] INFO org.example.domain.service.MatchingEngine -- MatchingEngine[SBER] order 55950a46-72f4-4b91-978c-63015e823f67 ? 0 trades, remaining=3
01:25:55.539 [pool-2-thread-9] INFO org.example.domain.service.MatchingEngine -- MatchingEngine[SBER] order f9a4b7c5-2c3e-4dbe-907d-08d7d50e775a ? 0 trades, remaining=3
01:25:55.539 [pool-2-thread-3] INFO org.example.domain.service.MatchingEngine -- MatchingEngine[SBER] order 00ae4675-d246-45c2-8c90-3419e225f347 ? 0 trades, remaining=3
01:25:55.539 [pool-2-thread-8] INFO org.example.domain.service.MatchingEngine -- MatchingEngine[SBER] order 8239273d-2314-44ff-9b1e-54c2524097ba ? 0 trades, remaining=3
01:25:55.541 [pool-2-thread-2] INFO org.example.domain.service.MatchingEngine -- MatchingEngine[SBER] order ee46564e-ce2b-4bda-a94f-3ffe101848f9 ? 0 trades, remaining=3
01:25:55.541 [pool-2-thread-4] INFO org.example.domain.service.MatchingEngine -- MatchingEngine[SBER] order 2405e522-2e5d-4e30-ae02-820b0bfd608b ? 0 trades, remaining=3
01:25:55.541 [pool-2-thread-2] INFO org.example.domain.service.MatchingEngine -- MatchingEngine[SBER] order fd99051d-9a31-4374-9ef3-bbbdc36d6ddd ? 2 trades, remaining=0
01:25:55.541 [pool-2-thread-10] INFO org.example.domain.service.MatchingEngine -- MatchingEngine[SBER] order 099a66a0-7db7-4d7c-8182-bb8d02bb9ff7 ? 0 trades, remaining=3
01:25:55.541 [pool-2-thread-1] INFO org.example.domain.service.MatchingEngine -- MatchingEngine[SBER] order e736b88d-96eb-4bfa-b33f-f78e1b5c8c6c ? 2 trades, remaining=0
01:25:55.541 [pool-2-thread-7] INFO org.example.domain.service.MatchingEngine -- MatchingEngine[SBER] order 7d4f4666-64ef-45ca-84a1-4f8eba477f0e ? 2 trades, remaining=0
01:25:55.541 [pool-2-thread-5] INFO org.example.domain.service.MatchingEngine -- MatchingEngine[SBER] order 15aff94f-91f9-4882-a59a-b6e1634265d7 ? 2 trades, remaining=0
01:25:55.541 [pool-2-thread-6] INFO org.example.domain.service.MatchingEngine -- MatchingEngine[SBER] order 3fe60e76-559f-4d58-bab3-a173eb7531ec ? 2 trades, remaining=0
01:25:55.542 [pool-2-thread-9] INFO org.example.domain.service.MatchingEngine -- MatchingEngine[SBER] order dc53285c-314e-4d1a-a332-a817f92df513 ? 2 trades, remaining=0
01:25:55.542 [pool-2-thread-3] INFO org.example.domain.service.MatchingEngine -- MatchingEngine[SBER] order ced90b95-9b92-4d31-b4bb-28c3ecd5befa ? 2 trades, remaining=0
01:25:55.542 [pool-2-thread-8] INFO org.example.domain.service.MatchingEngine -- MatchingEngine[SBER] order 5e972b71-06c3-4890-8512-42bf594610f3 ? 1 trades, remaining=1
01:25:55.542 [pool-2-thread-4] INFO org.example.domain.service.MatchingEngine -- MatchingEngine[SBER] order 72169acc-e080-4eb7-b7bd-0db7c08c7f86 ? 0 trades, remaining=4
01:25:55.542 [pool-2-thread-2] INFO org.example.domain.service.MatchingEngine -- MatchingEngine[SBER] order cfc0d7a6-f6bb-4e13-90bc-81ced4c11be3 ? 0 trades, remaining=5
01:25:55.542 [pool-2-thread-10] INFO org.example.domain.service.MatchingEngine -- MatchingEngine[SBER] order 08378817-071b-4c57-857c-250f97e480cc ? 0 trades, remaining=4
01:25:55.542 [pool-2-thread-1] INFO org.example.domain.service.MatchingEngine -- MatchingEngine[SBER] order dcb4fd24-2679-44f0-ba36-a40f9c996047 ? 0 trades, remaining=5
01:25:55.542 [pool-2-thread-7] INFO org.example.domain.service.MatchingEngine -- MatchingEngine[SBER] order 2317761a-ff92-45a4-9891-5100217b2325 ? 0 trades, remaining=5
01:25:55.542 [pool-2-thread-5] INFO org.example.domain.service.MatchingEngine -- MatchingEngine[SBER] order 8b487f3a-5efc-44fb-add5-34d4febeb3a8 ? 0 trades, remaining=5
01:25:55.544 [pool-2-thread-6] INFO org.example.domain.service.MatchingEngine -- MatchingEngine[SBER] order c6812a98-d439-47e8-a53c-ad97034e1b94 ? 0 trades, remaining=5
01:25:55.544 [pool-2-thread-9] INFO org.example.domain.service.MatchingEngine -- MatchingEngine[SBER] order 7fbad0b3-4e9a-43d3-b6b9-3ebe11dc53a8 ? 0 trades, remaining=5
01:25:55.544 [pool-2-thread-3] INFO org.example.domain.service.MatchingEngine -- MatchingEngine[SBER] order 4adefba0-7c17-4a8b-9397-ec1714d76d0d ? 0 trades, remaining=5
01:25:55.544 [pool-2-thread-8] INFO org.example.domain.service.MatchingEngine -- MatchingEngine[SBER] order 9eae479c-d3c2-4713-9e32-8ae858b9a906 ? 0 trades, remaining=5
01:25:55.544 [pool-2-thread-4] INFO org.example.domain.service.MatchingEngine -- MatchingEngine[SBER] order 2e36ad52-f1a3-482c-80ca-6aa0d8e923f5 ? 0 trades, remaining=5
01:25:55.544 [pool-2-thread-2] INFO org.example.domain.service.MatchingEngine -- MatchingEngine[SBER] order a5d1a3ce-3e3b-4f6b-b22d-503bf673c310 ? 0 trades, remaining=1
01:25:55.544 [pool-2-thread-10] INFO org.example.domain.service.MatchingEngine -- MatchingEngine[SBER] order cb9693f9-dc64-4639-82bc-6aae678f0782 ? 0 trades, remaining=5
01:25:55.544 [pool-2-thread-1] INFO org.example.domain.service.MatchingEngine -- MatchingEngine[SBER] order 1042e61d-f0bb-468a-9e2a-746c10aeb27e ? 0 trades, remaining=1
01:25:55.544 [pool-2-thread-7] INFO org.example.domain.service.MatchingEngine -- MatchingEngine[SBER] order cbed5602-225f-4506-8826-227304514a30 ? 0 trades, remaining=1
01:25:55.544 [pool-2-thread-5] INFO org.example.domain.service.MatchingEngine -- MatchingEngine[SBER] order dd0c71bb-e362-4e79-a11c-b89d4d32c869 ? 0 trades, remaining=1
01:25:55.544 [pool-2-thread-6] INFO org.example.domain.service.MatchingEngine -- MatchingEngine[SBER] order ef4253ac-b4a3-4d9c-9ae7-cf4f5aef7abd ? 0 trades, remaining=1
01:25:55.544 [pool-2-thread-9] INFO org.example.domain.service.MatchingEngine -- MatchingEngine[SBER] order 9d1fd091-1729-41de-9ea0-97feabf7d0cf ? 0 trades, remaining=1
01:25:55.544 [pool-2-thread-3] INFO org.example.domain.service.MatchingEngine -- MatchingEngine[SBER] order 778a56a8-c2d0-49fa-b3a5-5283c4540740 ? 0 trades, remaining=1
01:25:55.545 [pool-2-thread-8] INFO org.example.domain.service.MatchingEngine -- MatchingEngine[SBER] order aaec3bd6-991e-4df2-8b1a-e2d008c0b99d ? 0 trades, remaining=1
01:25:55.545 [pool-2-thread-4] INFO org.example.domain.service.MatchingEngine -- MatchingEngine[SBER] order 4ebe42fa-bcbf-4c80-bf4c-46c31e55b359 ? 0 trades, remaining=1
01:25:55.545 [pool-2-thread-2] INFO org.example.domain.service.MatchingEngine -- MatchingEngine[SBER] order 1d41d1bd-09e0-4440-8c0c-ae10e1ed4e18 ? 2 trades, remaining=0
01:25:55.546 [pool-2-thread-10] INFO org.example.domain.service.MatchingEngine -- MatchingEngine[SBER] order d2e136ca-4837-4f1c-a177-5b0954b8d958 ? 0 trades, remaining=1
01:25:55.546 [pool-2-thread-1] INFO org.example.domain.service.MatchingEngine -- MatchingEngine[SBER] order 9a1e5e19-e4a7-4de4-b4e7-74802829f04e ? 1 trades, remaining=0
01:25:55.546 [pool-2-thread-5] INFO org.example.domain.service.MatchingEngine -- MatchingEngine[SBER] order def900bd-4f8c-4248-a0a2-a8b35a630649 ? 2 trades, remaining=0
01:25:55.546 [pool-2-thread-7] INFO org.example.domain.service.MatchingEngine -- MatchingEngine[SBER] order ceb6720f-cb76-4798-9263-290efdd4e69f ? 1 trades, remaining=0
01:25:55.546 [pool-2-thread-6] WARN org.example.domain.service.MatchingEngine -- Self-match prevented: user user5 order 4760cdea-7169-4c53-9b01-4839b27c17ba vs bbf76c13-b7ab-4773-8373-ced97e0c06b9
01:25:55.546 [pool-2-thread-6] INFO org.example.domain.service.MatchingEngine -- MatchingEngine[SBER] order 4760cdea-7169-4c53-9b01-4839b27c17ba ? 1 trades, remaining=1
01:25:55.546 [pool-2-thread-9] WARN org.example.domain.service.MatchingEngine -- Self-match prevented: user user8 order 1471abbb-3a66-4581-a1fe-1e3d7a85d090 vs b412dacd-c754-492f-8b08-8c6b608059a0
01:25:55.546 [pool-2-thread-9] INFO org.example.domain.service.MatchingEngine -- MatchingEngine[SBER] order 1471abbb-3a66-4581-a1fe-1e3d7a85d090 ? 1 trades, remaining=1
01:25:55.547 [pool-2-thread-3] WARN org.example.domain.service.MatchingEngine -- Self-match prevented: user user2 order 5f52dff3-9c99-4148-b17b-71d9491a4960 vs 00c745b4-386b-46fd-8849-987d619bfb59
01:25:55.547 [pool-2-thread-3] INFO org.example.domain.service.MatchingEngine -- MatchingEngine[SBER] order 5f52dff3-9c99-4148-b17b-71d9491a4960 ? 1 trades, remaining=1
01:25:55.547 [pool-2-thread-8] WARN org.example.domain.service.MatchingEngine -- Self-match prevented: user user7 order 0086e7a0-b4cf-4bc6-a9ac-5adcdde1c7bd vs 7dd43023-f1a6-4af2-bf9b-a4c44ec339e8
01:25:55.547 [pool-2-thread-8] INFO org.example.domain.service.MatchingEngine -- MatchingEngine[SBER] order 0086e7a0-b4cf-4bc6-a9ac-5adcdde1c7bd ? 1 trades, remaining=1
01:25:55.547 [pool-2-thread-4] INFO org.example.domain.service.MatchingEngine -- MatchingEngine[SBER] order 9108645c-73b6-4208-82aa-f422319d9d81 ? 2 trades, remaining=0
01:25:55.547 [pool-2-thread-2] INFO org.example.domain.service.MatchingEngine -- MatchingEngine[SBER] order 85bcd99b-1bdb-45d5-8048-c9b2955d2fb1 ? 3 trades, remaining=0
01:25:55.547 [pool-2-thread-10] WARN org.example.domain.service.MatchingEngine -- Self-match prevented: user user9 order efca1c61-6e30-4e8f-8a38-c7fbacfbb556 vs 3c59ed27-a1ce-4e36-a760-366092a32034
01:25:55.547 [pool-2-thread-10] INFO org.example.domain.service.MatchingEngine -- MatchingEngine[SBER] order efca1c61-6e30-4e8f-8a38-c7fbacfbb556 ? 1 trades, remaining=1
01:25:55.548 [pool-2-thread-1] INFO org.example.domain.service.MatchingEngine -- MatchingEngine[SBER] order 946f1732-c1b8-43f8-ba2a-a89e0d0c10c0 ? 2 trades, remaining=1
01:25:55.548 [pool-2-thread-5] INFO org.example.domain.service.MatchingEngine -- MatchingEngine[SBER] order 1dfbc8fd-f964-41ba-b5cd-8286e01a2a72 ? 0 trades, remaining=3
01:25:55.548 [pool-2-thread-7] INFO org.example.domain.service.MatchingEngine -- MatchingEngine[SBER] order 233a3427-c2f5-4308-b4d3-2d2bd4f22fab ? 0 trades, remaining=3
01:25:55.548 [pool-2-thread-6] INFO org.example.domain.service.MatchingEngine -- MatchingEngine[SBER] order 2e3a1c29-ac3f-4d69-bb0f-5369f30cde8c ? 0 trades, remaining=3
01:25:55.548 [pool-2-thread-9] INFO org.example.domain.service.MatchingEngine -- MatchingEngine[SBER] order 4157502c-0ffb-4aeb-a0f8-29588bead659 ? 0 trades, remaining=3
01:25:55.548 [pool-2-thread-3] INFO org.example.domain.service.MatchingEngine -- MatchingEngine[SBER] order a293cc54-d649-48b5-92a1-47035501cfaf ? 0 trades, remaining=3
01:25:55.548 [pool-2-thread-8] INFO org.example.domain.service.MatchingEngine -- MatchingEngine[SBER] order 70aee721-bd63-4c25-9340-e03afacec671 ? 0 trades, remaining=3
01:25:55.548 [pool-2-thread-4] INFO org.example.domain.service.MatchingEngine -- MatchingEngine[SBER] order b764818f-376b-4fd5-b58c-603b168c4b27 ? 0 trades, remaining=3
01:25:55.548 [pool-2-thread-2] INFO org.example.domain.service.MatchingEngine -- MatchingEngine[SBER] order 414be990-ffa4-44bb-8ca7-420a8b056374 ? 2 trades, remaining=0
01:25:55.548 [pool-2-thread-10] INFO org.example.domain.service.MatchingEngine -- MatchingEngine[SBER] order 84976693-6761-424f-893a-b07b6b21071d ? 0 trades, remaining=3
01:25:55.548 [pool-2-thread-1] INFO org.example.domain.service.MatchingEngine -- MatchingEngine[SBER] order daa6c093-054b-47f7-93be-e1e31570db65 ? 4 trades, remaining=0
01:25:55.548 [pool-2-thread-5] INFO org.example.domain.service.MatchingEngine -- MatchingEngine[SBER] order fe85e88a-cdf8-474d-a4eb-bf9f7af03fc7 ? 4 trades, remaining=0
01:25:55.548 [pool-2-thread-7] INFO org.example.domain.service.MatchingEngine -- MatchingEngine[SBER] order 411f7fe1-24a9-4b6b-b34d-12375306e153 ? 1 trades, remaining=3
01:25:55.549 [pool-2-thread-6] INFO org.example.domain.service.MatchingEngine -- MatchingEngine[SBER] order 35c80c42-c8cc-4de7-bcc4-d54ad708d2a7 ? 0 trades, remaining=4
01:25:55.549 [pool-2-thread-9] INFO org.example.domain.service.MatchingEngine -- MatchingEngine[SBER] order 81725849-5a52-4233-8a67-f7392f9b16de ? 0 trades, remaining=4
01:25:55.549 [pool-2-thread-3] INFO org.example.domain.service.MatchingEngine -- MatchingEngine[SBER] order 462e8561-ff35-44d6-979c-8b2a92eef9d0 ? 0 trades, remaining=4
01:25:55.549 [pool-2-thread-8] INFO org.example.domain.service.MatchingEngine -- MatchingEngine[SBER] order 40d80d9d-033a-4cf5-a923-6035f412dd9e ? 0 trades, remaining=4
01:25:55.549 [pool-2-thread-4] INFO org.example.domain.service.MatchingEngine -- MatchingEngine[SBER] order a6fcf4b0-4fc9-4c31-92ba-17383f9596f4 ? 0 trades, remaining=4
01:25:55.549 [pool-2-thread-2] INFO org.example.domain.service.MatchingEngine -- MatchingEngine[SBER] order ca72254f-699f-40f4-a3e6-2b33f3a7bd30 ? 2 trades, remaining=0
01:25:55.549 [pool-2-thread-10] INFO org.example.domain.service.MatchingEngine -- MatchingEngine[SBER] order c3653f5d-41f5-46f7-baf5-4c3f883f574e ? 0 trades, remaining=4
01:25:55.549 [pool-2-thread-1] INFO org.example.domain.service.MatchingEngine -- MatchingEngine[SBER] order 4c2033b5-77c8-4ccd-82c1-11bc34b71182 ? 2 trades, remaining=0
01:25:55.550 [pool-2-thread-5] INFO org.example.domain.service.MatchingEngine -- MatchingEngine[SBER] order 3c39241b-4323-4a80-9380-42fc169a4cc1 ? 2 trades, remaining=0
01:25:55.550 [pool-2-thread-7] INFO org.example.domain.service.MatchingEngine -- MatchingEngine[SBER] order 1879a027-c8d9-4f54-bb5d-7de030f4f4b2 ? 2 trades, remaining=0
01:25:55.550 [pool-2-thread-6] INFO org.example.domain.service.MatchingEngine -- MatchingEngine[SBER] order 54e5c9b5-b740-47e5-b49d-5761d92249ac ? 2 trades, remaining=0
01:25:55.550 [pool-2-thread-9] INFO org.example.domain.service.MatchingEngine -- MatchingEngine[SBER] order 1a7cf531-28e4-4066-965a-d5b967efa5f8 ? 1 trades, remaining=3
01:25:55.550 [pool-2-thread-3] INFO org.example.domain.service.MatchingEngine -- MatchingEngine[SBER] order 423efb38-f9de-4b83-8f8c-a88212f0f239 ? 0 trades, remaining=5
01:25:55.551 [pool-2-thread-8] INFO org.example.domain.service.MatchingEngine -- MatchingEngine[SBER] order dce48f29-ed2b-4166-9f95-b629b0db9ccf ? 0 trades, remaining=5
01:25:55.551 [pool-2-thread-4] INFO org.example.domain.service.MatchingEngine -- MatchingEngine[SBER] order 6347e7f5-dc18-498f-bfa9-3ee803a0ab37 ? 0 trades, remaining=5
01:25:55.551 [pool-2-thread-2] INFO org.example.domain.service.MatchingEngine -- MatchingEngine[SBER] order ac9740b0-9979-45a6-b90c-029cf763c2b4 ? 0 trades, remaining=1
01:25:55.551 [pool-2-thread-10] INFO org.example.domain.service.MatchingEngine -- MatchingEngine[SBER] order a6e02909-2d05-457c-b2a8-76b9f79d9a91 ? 0 trades, remaining=5
01:25:55.551 [pool-2-thread-1] INFO org.example.domain.service.MatchingEngine -- MatchingEngine[SBER] order 5b43dfeb-8025-42ea-a8cb-c37f3ebce638 ? 0 trades, remaining=1
01:25:55.551 [pool-2-thread-5] INFO org.example.domain.service.MatchingEngine -- MatchingEngine[SBER] order ac90a94d-8a7e-4229-9fe7-627fc4956290 ? 0 trades, remaining=1
01:25:55.551 [pool-2-thread-7] INFO org.example.domain.service.MatchingEngine -- MatchingEngine[SBER] order eb0a448a-abbd-41f7-8ade-cb2c77919929 ? 0 trades, remaining=1
01:25:55.551 [pool-2-thread-6] INFO org.example.domain.service.MatchingEngine -- MatchingEngine[SBER] order d80f61eb-fff2-4d2c-9a66-dba02128bf86 ? 0 trades, remaining=1
01:25:55.552 [pool-2-thread-9] INFO org.example.domain.service.MatchingEngine -- MatchingEngine[SBER] order cdc3a3ac-286a-4108-9d74-d286ad8e876b ? 0 trades, remaining=1
01:25:55.552 [pool-2-thread-3] INFO org.example.domain.service.MatchingEngine -- MatchingEngine[SBER] order 38f00cf2-f79e-4619-9806-9e5ba4a362e3 ? 0 trades, remaining=1
01:25:55.552 [pool-2-thread-8] INFO org.example.domain.service.MatchingEngine -- MatchingEngine[SBER] order 6620a1b0-d517-467f-8225-806828bb6e4e ? 0 trades, remaining=1
01:25:55.552 [pool-2-thread-4] INFO org.example.domain.service.MatchingEngine -- MatchingEngine[SBER] order 49899f3c-9d30-4760-b4fb-074089ee5655 ? 0 trades, remaining=1
01:25:55.552 [pool-2-thread-2] WARN org.example.domain.service.MatchingEngine -- Self-match prevented: user user1 order 2c23ef23-9a65-4252-ab24-cbf2deefd631 vs ac9740b0-9979-45a6-b90c-029cf763c2b4
01:25:55.552 [pool-2-thread-2] INFO org.example.domain.service.MatchingEngine -- MatchingEngine[SBER] order 2c23ef23-9a65-4252-ab24-cbf2deefd631 ? 0 trades, remaining=2
01:25:55.552 [pool-2-thread-10] INFO org.example.domain.service.MatchingEngine -- MatchingEngine[SBER] order 6c1050d3-7263-42dc-b23b-68a6d1c0142e ? 1 trades, remaining=0
01:25:55.552 [pool-2-thread-1] WARN org.example.domain.service.MatchingEngine -- Self-match prevented: user user0 order 01af5bc5-b985-41b6-abe0-c3533c6afd6f vs 5b43dfeb-8025-42ea-a8cb-c37f3ebce638
01:25:55.552 [pool-2-thread-1] INFO org.example.domain.service.MatchingEngine -- MatchingEngine[SBER] order 01af5bc5-b985-41b6-abe0-c3533c6afd6f ? 1 trades, remaining=1
01:25:55.552 [pool-2-thread-5] WARN org.example.domain.service.MatchingEngine -- Self-match prevented: user user4 order 75194a60-da7f-4753-add3-87c90902447a vs ac90a94d-8a7e-4229-9fe7-627fc4956290
01:25:55.552 [pool-2-thread-5] INFO org.example.domain.service.MatchingEngine -- MatchingEngine[SBER] order 75194a60-da7f-4753-add3-87c90902447a ? 1 trades, remaining=1
01:25:55.552 [pool-2-thread-7] WARN org.example.domain.service.MatchingEngine -- Self-match prevented: user user6 order 6660c138-0970-43dc-af0d-4d285fdf2403 vs eb0a448a-abbd-41f7-8ade-cb2c77919929
01:25:55.552 [pool-2-thread-7] INFO org.example.domain.service.MatchingEngine -- MatchingEngine[SBER] order 6660c138-0970-43dc-af0d-4d285fdf2403 ? 1 trades, remaining=1
01:25:55.554 [pool-2-thread-6] WARN org.example.domain.service.MatchingEngine -- Self-match prevented: user user5 order aa370339-8b42-4e49-96ab-0a8540b49252 vs d80f61eb-fff2-4d2c-9a66-dba02128bf86
01:25:55.554 [pool-2-thread-6] INFO org.example.domain.service.MatchingEngine -- MatchingEngine[SBER] order aa370339-8b42-4e49-96ab-0a8540b49252 ? 1 trades, remaining=1
01:25:55.554 [pool-2-thread-9] WARN org.example.domain.service.MatchingEngine -- Self-match prevented: user user8 order 28b53324-8b91-45ec-a892-650a264c1f2e vs cdc3a3ac-286a-4108-9d74-d286ad8e876b
01:25:55.554 [pool-2-thread-9] INFO org.example.domain.service.MatchingEngine -- MatchingEngine[SBER] order 28b53324-8b91-45ec-a892-650a264c1f2e ? 1 trades, remaining=1
01:25:55.555 [pool-2-thread-3] WARN org.example.domain.service.MatchingEngine -- Self-match prevented: user user2 order 1def5de5-6d1c-4a71-8a39-16c97a8595bc vs 38f00cf2-f79e-4619-9806-9e5ba4a362e3
01:25:55.555 [pool-2-thread-3] INFO org.example.domain.service.MatchingEngine -- MatchingEngine[SBER] order 1def5de5-6d1c-4a71-8a39-16c97a8595bc ? 1 trades, remaining=1
01:25:55.555 [pool-2-thread-8] WARN org.example.domain.service.MatchingEngine -- Self-match prevented: user user7 order 0790c7ea-22d9-4c71-8787-33ae5d275333 vs 6620a1b0-d517-467f-8225-806828bb6e4e
01:25:55.555 [pool-2-thread-8] INFO org.example.domain.service.MatchingEngine -- MatchingEngine[SBER] order 0790c7ea-22d9-4c71-8787-33ae5d275333 ? 1 trades, remaining=1
01:25:55.555 [pool-2-thread-4] WARN org.example.domain.service.MatchingEngine -- Self-match prevented: user user3 order 683917c8-7e86-4b24-9fb7-f65084bb8f71 vs 49899f3c-9d30-4760-b4fb-074089ee5655
01:25:55.555 [pool-2-thread-4] INFO org.example.domain.service.MatchingEngine -- MatchingEngine[SBER] order 683917c8-7e86-4b24-9fb7-f65084bb8f71 ? 1 trades, remaining=1
01:25:55.555 [pool-2-thread-2] INFO org.example.domain.service.MatchingEngine -- MatchingEngine[SBER] order b2afbd84-f24e-4865-a79c-cbedba73fb1a ? 0 trades, remaining=3
01:25:55.555 [pool-2-thread-10] INFO org.example.domain.service.MatchingEngine -- MatchingEngine[SBER] order 25fae131-0a43-4ed4-93c0-fef918acd585 ? 1 trades, remaining=1
01:25:55.555 [pool-2-thread-1] INFO org.example.domain.service.MatchingEngine -- MatchingEngine[SBER] order 7c13de3d-abed-4697-8e67-514076f18600 ? 0 trades, remaining=3
01:25:55.555 [pool-2-thread-5] INFO org.example.domain.service.MatchingEngine -- MatchingEngine[SBER] order 074f2c99-5d8e-4d9a-8e6a-ead986fa9e9a ? 0 trades, remaining=3
01:25:55.556 [pool-2-thread-7] INFO org.example.domain.service.MatchingEngine -- MatchingEngine[SBER] order 9971f82f-5ffc-4305-88ee-9f63660b8f65 ? 0 trades, remaining=3
01:25:55.556 [pool-2-thread-6] INFO org.example.domain.service.MatchingEngine -- MatchingEngine[SBER] order 91347f8a-6c77-4381-812f-e9f8f0908f97 ? 0 trades, remaining=3
01:25:55.556 [pool-2-thread-9] INFO org.example.domain.service.MatchingEngine -- MatchingEngine[SBER] order 93911fa4-462e-46ae-85ce-fc4bc97c53d9 ? 0 trades, remaining=3
01:25:55.556 [pool-2-thread-3] INFO org.example.domain.service.MatchingEngine -- MatchingEngine[SBER] order 32f52c24-2420-4261-8c02-b3d155868c1f ? 0 trades, remaining=3
01:25:55.556 [pool-2-thread-8] INFO org.example.domain.service.MatchingEngine -- MatchingEngine[SBER] order e73e69f3-7e26-4ee2-b651-52f80baff3e7 ? 0 trades, remaining=3
01:25:55.556 [pool-2-thread-4] INFO org.example.domain.service.MatchingEngine -- MatchingEngine[SBER] order e9af7542-782d-4deb-b732-146801b1cf94 ? 0 trades, remaining=3
01:25:55.556 [pool-2-thread-2] WARN org.example.domain.service.MatchingEngine -- Self-match prevented: user user1 order 4d738dbe-7329-43d7-a7ce-06e2e3431c97 vs b2afbd84-f24e-4865-a79c-cbedba73fb1a
01:25:55.556 [pool-2-thread-2] INFO org.example.domain.service.MatchingEngine -- MatchingEngine[SBER] order 4d738dbe-7329-43d7-a7ce-06e2e3431c97 ? 0 trades, remaining=4
01:25:55.556 [pool-2-thread-10] INFO org.example.domain.service.MatchingEngine -- MatchingEngine[SBER] order 2ed23763-b5fb-496c-87c4-fc9d6b3cd816 ? 1 trades, remaining=0
01:25:55.556 [pool-2-thread-1] WARN org.example.domain.service.MatchingEngine -- Self-match prevented: user user0 order a116f1c3-5d82-4919-80aa-fa02ff288c7e vs 7c13de3d-abed-4697-8e67-514076f18600
01:25:55.556 [pool-2-thread-1] INFO org.example.domain.service.MatchingEngine -- MatchingEngine[SBER] order a116f1c3-5d82-4919-80aa-fa02ff288c7e ? 1 trades, remaining=1
01:25:55.556 [pool-2-thread-5] WARN org.example.domain.service.MatchingEngine -- Self-match prevented: user user4 order 7250b42b-5bd0-49fa-8fdd-26ad089f9b74 vs 074f2c99-5d8e-4d9a-8e6a-ead986fa9e9a
01:25:55.556 [pool-2-thread-5] INFO org.example.domain.service.MatchingEngine -- MatchingEngine[SBER] order 7250b42b-5bd0-49fa-8fdd-26ad089f9b74 ? 1 trades, remaining=1
01:25:55.556 [pool-2-thread-7] WARN org.example.domain.service.MatchingEngine -- Self-match prevented: user user6 order a7fc2510-f45c-47be-9962-4fbbe3145144 vs 9971f82f-5ffc-4305-88ee-9f63660b8f65
01:25:55.556 [pool-2-thread-7] INFO org.example.domain.service.MatchingEngine -- MatchingEngine[SBER] order a7fc2510-f45c-47be-9962-4fbbe3145144 ? 1 trades, remaining=1
01:25:55.556 [pool-2-thread-6] WARN org.example.domain.service.MatchingEngine -- Self-match prevented: user user5 order 5d5ac09a-6112-4b50-85dc-5eefb3d3aa07 vs 91347f8a-6c77-4381-812f-e9f8f0908f97
01:25:55.556 [pool-2-thread-6] INFO org.example.domain.service.MatchingEngine -- MatchingEngine[SBER] order 5d5ac09a-6112-4b50-85dc-5eefb3d3aa07 ? 1 trades, remaining=1
01:25:55.557 [pool-2-thread-9] WARN org.example.domain.service.MatchingEngine -- Self-match prevented: user user8 order 6c1a0e80-7741-472b-b072-1d5eb6652182 vs 93911fa4-462e-46ae-85ce-fc4bc97c53d9
01:25:55.557 [pool-2-thread-9] INFO org.example.domain.service.MatchingEngine -- MatchingEngine[SBER] order 6c1a0e80-7741-472b-b072-1d5eb6652182 ? 1 trades, remaining=1
01:25:55.557 [pool-2-thread-3] WARN org.example.domain.service.MatchingEngine -- Self-match prevented: user user2 order 4c9b2b7b-e48b-4e32-a0a5-53b45366e65a vs 32f52c24-2420-4261-8c02-b3d155868c1f
01:25:55.557 [pool-2-thread-3] INFO org.example.domain.service.MatchingEngine -- MatchingEngine[SBER] order 4c9b2b7b-e48b-4e32-a0a5-53b45366e65a ? 1 trades, remaining=1
01:25:55.557 [pool-2-thread-8] WARN org.example.domain.service.MatchingEngine -- Self-match prevented: user user7 order d20b2fd3-c1ff-4c25-a2c7-d602913df6fa vs e73e69f3-7e26-4ee2-b651-52f80baff3e7
01:25:55.557 [pool-2-thread-8] INFO org.example.domain.service.MatchingEngine -- MatchingEngine[SBER] order d20b2fd3-c1ff-4c25-a2c7-d602913df6fa ? 1 trades, remaining=1
01:25:55.557 [pool-2-thread-4] WARN org.example.domain.service.MatchingEngine -- Self-match prevented: user user3 order 0f01f0ee-c6fb-486e-8c30-8f2b7e0d0ccc vs e9af7542-782d-4deb-b732-146801b1cf94
01:25:55.557 [pool-2-thread-4] INFO org.example.domain.service.MatchingEngine -- MatchingEngine[SBER] order 0f01f0ee-c6fb-486e-8c30-8f2b7e0d0ccc ? 1 trades, remaining=1
01:25:55.557 [pool-2-thread-2] INFO org.example.domain.service.MatchingEngine -- MatchingEngine[SBER] order cc97f8dd-0c79-405f-a1c1-5bc6f42652c1 ? 0 trades, remaining=5
01:25:55.558 [pool-2-thread-10] INFO org.example.domain.service.MatchingEngine -- MatchingEngine[SBER] order a61e48be-fee6-47a4-847f-ef6d5877b9bb ? 1 trades, remaining=1
01:25:55.558 [pool-2-thread-1] INFO org.example.domain.service.MatchingEngine -- MatchingEngine[SBER] order 633bb8ee-6a4f-4e89-a0bb-93d78cdeaf42 ? 0 trades, remaining=5
01:25:55.558 [pool-2-thread-5] INFO org.example.domain.service.MatchingEngine -- MatchingEngine[SBER] order 82f9c81c-106e-4b06-bef1-71d18934102a ? 0 trades, remaining=5
01:25:55.558 [pool-2-thread-7] INFO org.example.domain.service.MatchingEngine -- MatchingEngine[SBER] order eade828f-bff2-4d3b-ab3c-3abb22af85b3 ? 0 trades, remaining=5
01:25:55.558 [pool-2-thread-6] INFO org.example.domain.service.MatchingEngine -- MatchingEngine[SBER] order a9ad929f-1281-4904-905f-6a364eee3583 ? 0 trades, remaining=5
01:25:55.558 [pool-2-thread-9] INFO org.example.domain.service.MatchingEngine -- MatchingEngine[SBER] order 5082b4f1-f00f-4214-aa62-5a0e23600d0c ? 0 trades, remaining=5
01:25:55.558 [pool-2-thread-3] INFO org.example.domain.service.MatchingEngine -- MatchingEngine[SBER] order 0f765a7e-78b7-4948-b03c-4cf176b72bd0 ? 0 trades, remaining=5
01:25:55.558 [pool-2-thread-8] INFO org.example.domain.service.MatchingEngine -- MatchingEngine[SBER] order baee861c-31f5-478d-be4c-4d2091839483 ? 0 trades, remaining=5
01:25:55.558 [pool-2-thread-4] INFO org.example.domain.service.MatchingEngine -- MatchingEngine[SBER] order 0c6c3d2b-a5d5-4e71-bc9c-c38f7f4a332e ? 0 trades, remaining=5
01:25:55.559 [pool-2-thread-2] INFO org.example.domain.service.MatchingEngine -- MatchingEngine[SBER] order 4a36c9b7-fda3-4ff8-9199-64d2e036b645 ? 0 trades, remaining=1
01:25:55.559 [pool-2-thread-10] INFO org.example.domain.service.MatchingEngine -- MatchingEngine[SBER] order f14cf784-4c97-4e80-9405-3b4d7cf5696e ? 0 trades, remaining=5
01:25:55.559 [pool-2-thread-1] INFO org.example.domain.service.MatchingEngine -- MatchingEngine[SBER] order acebbc2c-a810-41c3-bce3-68011aaefb50 ? 0 trades, remaining=1
01:25:55.559 [pool-2-thread-5] INFO org.example.domain.service.MatchingEngine -- MatchingEngine[SBER] order d2750e9f-ba67-4ced-8a4c-4d83c3aff71b ? 0 trades, remaining=1
01:25:55.559 [pool-2-thread-7] INFO org.example.domain.service.MatchingEngine -- MatchingEngine[SBER] order 1b454a6a-c395-472c-8e6e-273b75f385b2 ? 0 trades, remaining=1
01:25:55.559 [pool-2-thread-6] INFO org.example.domain.service.MatchingEngine -- MatchingEngine[SBER] order b2b2756c-347b-407a-a608-cf24407507e4 ? 0 trades, remaining=1
01:25:55.559 [pool-2-thread-9] INFO org.example.domain.service.MatchingEngine -- MatchingEngine[SBER] order ea604b2b-9da6-4deb-a48f-f8b9646c7688 ? 0 trades, remaining=1
01:25:55.559 [pool-2-thread-3] INFO org.example.domain.service.MatchingEngine -- MatchingEngine[SBER] order d3542097-ad3f-4fc7-9b04-cac58b64ad62 ? 0 trades, remaining=1
01:25:55.560 [pool-2-thread-8] INFO org.example.domain.service.MatchingEngine -- MatchingEngine[SBER] order 4a2b8a25-46cf-4a72-9a21-4a5f516ceb6f ? 0 trades, remaining=1
01:25:55.560 [pool-2-thread-4] INFO org.example.domain.service.MatchingEngine -- MatchingEngine[SBER] order f6bd384c-589d-4cfe-ae53-33b74a45d7c4 ? 0 trades, remaining=1
01:25:55.560 [pool-2-thread-2] WARN org.example.domain.service.MatchingEngine -- Self-match prevented: user user1 order d6bfa5b1-e2d4-4c2d-82d3-23571218973d vs 4d738dbe-7329-43d7-a7ce-06e2e3431c97
01:25:55.560 [pool-2-thread-2] INFO org.example.domain.service.MatchingEngine -- MatchingEngine[SBER] order d6bfa5b1-e2d4-4c2d-82d3-23571218973d ? 0 trades, remaining=2
01:25:55.560 [pool-2-thread-10] INFO org.example.domain.service.MatchingEngine -- MatchingEngine[SBER] order b5277bf0-d87d-4b91-802d-5b53258973d8 ? 0 trades, remaining=1
01:25:55.560 [pool-2-thread-1] WARN org.example.domain.service.MatchingEngine -- Self-match prevented: user user0 order a4705f72-4a85-40fb-8432-8274a3305c9f vs a116f1c3-5d82-4919-80aa-fa02ff288c7e
01:25:55.560 [pool-2-thread-1] INFO org.example.domain.service.MatchingEngine -- MatchingEngine[SBER] order a4705f72-4a85-40fb-8432-8274a3305c9f ? 1 trades, remaining=1
01:25:55.560 [pool-2-thread-5] WARN org.example.domain.service.MatchingEngine -- Self-match prevented: user user4 order 135edc0e-a850-4db5-ad72-6a00c9af0cc2 vs 7250b42b-5bd0-49fa-8fdd-26ad089f9b74
01:25:55.560 [pool-2-thread-5] INFO org.example.domain.service.MatchingEngine -- MatchingEngine[SBER] order 135edc0e-a850-4db5-ad72-6a00c9af0cc2 ? 1 trades, remaining=1
01:25:55.560 [pool-2-thread-7] WARN org.example.domain.service.MatchingEngine -- Self-match prevented: user user6 order c0804605-7de6-486e-9123-6e058c063539 vs a7fc2510-f45c-47be-9962-4fbbe3145144
01:25:55.560 [pool-2-thread-7] INFO org.example.domain.service.MatchingEngine -- MatchingEngine[SBER] order c0804605-7de6-486e-9123-6e058c063539 ? 1 trades, remaining=1
01:25:55.560 [pool-2-thread-6] WARN org.example.domain.service.MatchingEngine -- Self-match prevented: user user5 order 9d1266c7-72e7-4583-bc22-72839082f0a6 vs 5d5ac09a-6112-4b50-85dc-5eefb3d3aa07
01:25:55.560 [pool-2-thread-6] INFO org.example.domain.service.MatchingEngine -- MatchingEngine[SBER] order 9d1266c7-72e7-4583-bc22-72839082f0a6 ? 1 trades, remaining=1
01:25:55.560 [pool-2-thread-9] WARN org.example.domain.service.MatchingEngine -- Self-match prevented: user user8 order dca78a0c-bfc8-472d-bed9-4194a8aba345 vs 6c1a0e80-7741-472b-b072-1d5eb6652182
01:25:55.560 [pool-2-thread-9] INFO org.example.domain.service.MatchingEngine -- MatchingEngine[SBER] order dca78a0c-bfc8-472d-bed9-4194a8aba345 ? 1 trades, remaining=1
01:25:55.560 [pool-2-thread-3] WARN org.example.domain.service.MatchingEngine -- Self-match prevented: user user2 order e16fd091-d0ed-4bc1-a428-6afc612af3ae vs 4c9b2b7b-e48b-4e32-a0a5-53b45366e65a
01:25:55.561 [pool-2-thread-3] INFO org.example.domain.service.MatchingEngine -- MatchingEngine[SBER] order e16fd091-d0ed-4bc1-a428-6afc612af3ae ? 1 trades, remaining=1
01:25:55.561 [pool-2-thread-8] WARN org.example.domain.service.MatchingEngine -- Self-match prevented: user user7 order 2ccdd86d-18e7-4023-9f33-20120151622f vs d20b2fd3-c1ff-4c25-a2c7-d602913df6fa
01:25:55.561 [pool-2-thread-8] INFO org.example.domain.service.MatchingEngine -- MatchingEngine[SBER] order 2ccdd86d-18e7-4023-9f33-20120151622f ? 1 trades, remaining=1
01:25:55.561 [pool-2-thread-4] WARN org.example.domain.service.MatchingEngine -- Self-match prevented: user user3 order 72b559df-3ae4-46dd-a7b2-74f0cc682420 vs 0f01f0ee-c6fb-486e-8c30-8f2b7e0d0ccc
01:25:55.561 [pool-2-thread-4] INFO org.example.domain.service.MatchingEngine -- MatchingEngine[SBER] order 72b559df-3ae4-46dd-a7b2-74f0cc682420 ? 1 trades, remaining=1
01:25:55.561 [pool-2-thread-2] WARN org.example.domain.service.MatchingEngine -- Self-match prevented: user user1 order 7a2aaf9f-6799-4357-b77c-a2f493e3efee vs d6bfa5b1-e2d4-4c2d-82d3-23571218973d
01:25:55.561 [pool-2-thread-2] INFO org.example.domain.service.MatchingEngine -- MatchingEngine[SBER] order 7a2aaf9f-6799-4357-b77c-a2f493e3efee ? 0 trades, remaining=3
01:25:55.561 [pool-2-thread-10] WARN org.example.domain.service.MatchingEngine -- Self-match prevented: user user9 order 721fdc8f-b452-43c6-9a7a-85b7ce429e24 vs a61e48be-fee6-47a4-847f-ef6d5877b9bb
01:25:55.561 [pool-2-thread-10] INFO org.example.domain.service.MatchingEngine -- MatchingEngine[SBER] order 721fdc8f-b452-43c6-9a7a-85b7ce429e24 ? 1 trades, remaining=1
01:25:55.561 [pool-2-thread-1] WARN org.example.domain.service.MatchingEngine -- Self-match prevented: user user0 order 3ffff835-8a11-42a9-9670-3c26594cf0f9 vs a4705f72-4a85-40fb-8432-8274a3305c9f
01:25:55.561 [pool-2-thread-1] INFO org.example.domain.service.MatchingEngine -- MatchingEngine[SBER] order 3ffff835-8a11-42a9-9670-3c26594cf0f9 ? 1 trades, remaining=1
01:25:55.561 [pool-2-thread-5] WARN org.example.domain.service.MatchingEngine -- Self-match prevented: user user4 order 96de13a8-ed2a-4138-ab90-d4b679a6f338 vs 135edc0e-a850-4db5-ad72-6a00c9af0cc2
01:25:55.561 [pool-2-thread-5] INFO org.example.domain.service.MatchingEngine -- MatchingEngine[SBER] order 96de13a8-ed2a-4138-ab90-d4b679a6f338 ? 1 trades, remaining=2
01:25:55.561 [pool-2-thread-7] WARN org.example.domain.service.MatchingEngine -- Self-match prevented: user user6 order f2286470-23e4-4fea-858a-28f602bfa31d vs c0804605-7de6-486e-9123-6e058c063539
01:25:55.561 [pool-2-thread-7] INFO org.example.domain.service.MatchingEngine -- MatchingEngine[SBER] order f2286470-23e4-4fea-858a-28f602bfa31d ? 1 trades, remaining=2
01:25:55.561 [pool-2-thread-6] WARN org.example.domain.service.MatchingEngine -- Self-match prevented: user user5 order 0f8c900c-bc6c-49fa-8fe6-78b4554b351e vs 9d1266c7-72e7-4583-bc22-72839082f0a6
01:25:55.561 [pool-2-thread-6] INFO org.example.domain.service.MatchingEngine -- MatchingEngine[SBER] order 0f8c900c-bc6c-49fa-8fe6-78b4554b351e ? 1 trades, remaining=2
01:25:55.561 [pool-2-thread-9] WARN org.example.domain.service.MatchingEngine -- Self-match prevented: user user8 order d1b6002c-dd53-4e9b-93fc-2c6ec4de5cf9 vs dca78a0c-bfc8-472d-bed9-4194a8aba345
01:25:55.561 [pool-2-thread-9] INFO org.example.domain.service.MatchingEngine -- MatchingEngine[SBER] order d1b6002c-dd53-4e9b-93fc-2c6ec4de5cf9 ? 1 trades, remaining=2
01:25:55.561 [pool-2-thread-3] WARN org.example.domain.service.MatchingEngine -- Self-match prevented: user user2 order a67fd729-9db0-43df-84df-d42bfc40f423 vs e16fd091-d0ed-4bc1-a428-6afc612af3ae
01:25:55.561 [pool-2-thread-3] INFO org.example.domain.service.MatchingEngine -- MatchingEngine[SBER] order a67fd729-9db0-43df-84df-d42bfc40f423 ? 1 trades, remaining=2
01:25:55.562 [pool-2-thread-8] WARN org.example.domain.service.MatchingEngine -- Self-match prevented: user user7 order 9584a725-1f7a-4436-9c12-7fe3847bdc5d vs 2ccdd86d-18e7-4023-9f33-20120151622f
01:25:55.562 [pool-2-thread-8] INFO org.example.domain.service.MatchingEngine -- MatchingEngine[SBER] order 9584a725-1f7a-4436-9c12-7fe3847bdc5d ? 1 trades, remaining=2
01:25:55.562 [pool-2-thread-4] WARN org.example.domain.service.MatchingEngine -- Self-match prevented: user user3 order d76957cd-462b-4cb8-a584-e90699b6bf1b vs 72b559df-3ae4-46dd-a7b2-74f0cc682420
01:25:55.562 [pool-2-thread-4] INFO org.example.domain.service.MatchingEngine -- MatchingEngine[SBER] order d76957cd-462b-4cb8-a584-e90699b6bf1b ? 1 trades, remaining=2
01:25:55.562 [pool-2-thread-2] WARN org.example.domain.service.MatchingEngine -- Self-match prevented: user user1 order f4060254-fcf3-41bd-9d58-475129a979a6 vs 2c23ef23-9a65-4252-ab24-cbf2deefd631
01:25:55.562 [pool-2-thread-2] INFO org.example.domain.service.MatchingEngine -- MatchingEngine[SBER] order f4060254-fcf3-41bd-9d58-475129a979a6 ? 1 trades, remaining=3
01:25:55.562 [pool-2-thread-10] WARN org.example.domain.service.MatchingEngine -- Self-match prevented: user user9 order 9b2f18fc-a3b1-4e6d-b813-6bd5880960df vs 721fdc8f-b452-43c6-9a7a-85b7ce429e24
01:25:55.562 [pool-2-thread-10] INFO org.example.domain.service.MatchingEngine -- MatchingEngine[SBER] order 9b2f18fc-a3b1-4e6d-b813-6bd5880960df ? 1 trades, remaining=2
01:25:55.562 [pool-2-thread-1] WARN org.example.domain.service.MatchingEngine -- Self-match prevented: user user0 order a4398750-38ed-43a5-8219-7166a39e690d vs 01af5bc5-b985-41b6-abe0-c3533c6afd6f
01:25:55.562 [pool-2-thread-1] INFO org.example.domain.service.MatchingEngine -- MatchingEngine[SBER] order a4398750-38ed-43a5-8219-7166a39e690d ? 1 trades, remaining=3
01:25:55.563 [pool-2-thread-5] WARN org.example.domain.service.MatchingEngine -- Self-match prevented: user user4 order 47a4ffdb-39f9-460d-809a-e10508db23af vs 75194a60-da7f-4753-add3-87c90902447a
01:25:55.564 [pool-2-thread-5] INFO org.example.domain.service.MatchingEngine -- MatchingEngine[SBER] order 47a4ffdb-39f9-460d-809a-e10508db23af ? 1 trades, remaining=3
01:25:55.564 [pool-2-thread-7] WARN org.example.domain.service.MatchingEngine -- Self-match prevented: user user6 order b1d78689-45b2-42f1-8208-f6a175401685 vs 6660c138-0970-43dc-af0d-4d285fdf2403
01:25:55.564 [pool-2-thread-7] INFO org.example.domain.service.MatchingEngine -- MatchingEngine[SBER] order b1d78689-45b2-42f1-8208-f6a175401685 ? 1 trades, remaining=3
01:25:55.564 [pool-2-thread-7] INFO org.example.domain.service.MatchingEngine -- MatchingEngine[SBER] order 10bd5a5a-dc52-49e6-912a-b1e0a23e07c3 ? 3 trades, remaining=0
01:25:55.564 [pool-2-thread-6] WARN org.example.domain.service.MatchingEngine -- Self-match prevented: user user5 order f83aaa48-4701-47c3-bc70-861faa6e5d73 vs aa370339-8b42-4e49-96ab-0a8540b49252
01:25:55.564 [pool-2-thread-6] INFO org.example.domain.service.MatchingEngine -- MatchingEngine[SBER] order f83aaa48-4701-47c3-bc70-861faa6e5d73 ? 1 trades, remaining=3
01:25:55.565 [pool-2-thread-9] WARN org.example.domain.service.MatchingEngine -- Self-match prevented: user user8 order a8126cd5-1ca5-4e40-bceb-b50a6d26a321 vs 28b53324-8b91-45ec-a892-650a264c1f2e
01:25:55.565 [pool-2-thread-9] INFO org.example.domain.service.MatchingEngine -- MatchingEngine[SBER] order a8126cd5-1ca5-4e40-bceb-b50a6d26a321 ? 1 trades, remaining=3
01:25:55.565 [pool-2-thread-3] WARN org.example.domain.service.MatchingEngine -- Self-match prevented: user user2 order d827e5a9-48da-4466-a430-ab06e55ff70c vs 1def5de5-6d1c-4a71-8a39-16c97a8595bc
01:25:55.565 [pool-2-thread-3] INFO org.example.domain.service.MatchingEngine -- MatchingEngine[SBER] order d827e5a9-48da-4466-a430-ab06e55ff70c ? 1 trades, remaining=3
01:25:55.565 [pool-2-thread-3] INFO org.example.domain.service.MatchingEngine -- MatchingEngine[SBER] order e12e9f3a-23c3-4b92-ab5c-c63c4f308726 ? 2 trades, remaining=0
01:25:55.565 [pool-2-thread-3] WARN org.example.domain.service.MatchingEngine -- Self-match prevented: user user2 order 51cbd7dc-45db-4253-897c-11fbece7f344 vs 1def5de5-6d1c-4a71-8a39-16c97a8595bc
01:25:55.565 [pool-2-thread-3] INFO org.example.domain.service.MatchingEngine -- MatchingEngine[SBER] order 51cbd7dc-45db-4253-897c-11fbece7f344 ? 0 trades, remaining=1
01:25:55.566 [pool-2-thread-3] INFO org.example.domain.service.MatchingEngine -- MatchingEngine[SBER] order 12f08094-2fb5-474a-9cde-1478013de51d ? 1 trades, remaining=0
01:25:55.566 [pool-2-thread-3] INFO org.example.domain.service.MatchingEngine -- MatchingEngine[SBER] order 0c12b73e-a5b7-443a-9303-8cb52bda13fa ? 0 trades, remaining=3
01:25:55.566 [pool-2-thread-8] WARN org.example.domain.service.MatchingEngine -- Self-match prevented: user user7 order 357f98ce-ef77-4df0-9e56-d414feb9f445 vs 0790c7ea-22d9-4c71-8787-33ae5d275333
01:25:55.566 [pool-2-thread-8] INFO org.example.domain.service.MatchingEngine -- MatchingEngine[SBER] order 357f98ce-ef77-4df0-9e56-d414feb9f445 ? 1 trades, remaining=3
01:25:55.566 [pool-2-thread-4] WARN org.example.domain.service.MatchingEngine -- Self-match prevented: user user3 order 1b65c08c-af75-497b-8a0c-e7db9989168a vs 683917c8-7e86-4b24-9fb7-f65084bb8f71
01:25:55.566 [pool-2-thread-4] INFO org.example.domain.service.MatchingEngine -- MatchingEngine[SBER] order 1b65c08c-af75-497b-8a0c-e7db9989168a ? 1 trades, remaining=3
01:25:55.566 [pool-2-thread-2] INFO org.example.domain.service.MatchingEngine -- MatchingEngine[SBER] order 0d7da845-bb90-43ef-8a03-cfbace8c45e1 ? 3 trades, remaining=0
01:25:55.566 [pool-2-thread-2] INFO org.example.domain.service.MatchingEngine -- MatchingEngine[SBER] order 0e52937c-4633-4c53-9b7c-971ccc0ac48f ? 1 trades, remaining=0
01:25:55.566 [pool-2-thread-10] WARN org.example.domain.service.MatchingEngine -- Self-match prevented: user user9 order 4946b272-6bb6-42f1-b490-4ff4b9f0f7ae vs 25fae131-0a43-4ed4-93c0-fef918acd585
01:25:55.566 [pool-2-thread-10] INFO org.example.domain.service.MatchingEngine -- MatchingEngine[SBER] order 4946b272-6bb6-42f1-b490-4ff4b9f0f7ae ? 0 trades, remaining=4
01:25:55.566 [pool-2-thread-1] INFO org.example.domain.service.MatchingEngine -- MatchingEngine[SBER] order a298a691-172a-4cf0-8ccc-670894aa46a9 ? 2 trades, remaining=0
01:25:55.567 [pool-2-thread-5] INFO org.example.domain.service.MatchingEngine -- MatchingEngine[SBER] order 14216bc7-3521-46ff-9ad2-2c6544d0cb8f ? 2 trades, remaining=0
01:25:55.567 [pool-2-thread-5] INFO org.example.domain.service.MatchingEngine -- MatchingEngine[SBER] order b84d0dd8-57dc-471e-8090-860839548f45 ? 1 trades, remaining=0
01:25:55.567 [pool-2-thread-7] INFO org.example.domain.service.MatchingEngine -- MatchingEngine[SBER] order ee41584c-8db7-47c8-9765-c44a875821a3 ? 0 trades, remaining=1
01:25:55.567 [pool-2-thread-6] INFO org.example.domain.service.MatchingEngine -- MatchingEngine[SBER] order 548cc12e-f748-4e3b-b8fd-7695ad337de4 ? 2 trades, remaining=0
01:25:55.567 [pool-2-thread-6] INFO org.example.domain.service.MatchingEngine -- MatchingEngine[SBER] order e3d37d4f-2719-433f-9a1e-044d1cc38771 ? 0 trades, remaining=1
01:25:55.567 [pool-2-thread-6] INFO org.example.domain.service.MatchingEngine -- MatchingEngine[SBER] order 6ba2ec35-b8dc-48c3-be45-e90908b123ff ? 2 trades, remaining=0
01:25:55.568 [pool-2-thread-6] INFO org.example.domain.service.MatchingEngine -- MatchingEngine[SBER] order c24beafd-8341-4a52-84e8-be810d6807cf ? 0 trades, remaining=3
01:25:55.568 [pool-2-thread-9] INFO org.example.domain.service.MatchingEngine -- MatchingEngine[SBER] order f5f8ca9c-dbbb-486d-8c36-872e64465928 ? 0 trades, remaining=5
01:25:55.568 [pool-2-thread-3] WARN org.example.domain.service.MatchingEngine -- Self-match prevented: user user2 order a47def9d-572c-48e4-839f-cef841b2918f vs 0c12b73e-a5b7-443a-9303-8cb52bda13fa
01:25:55.568 [pool-2-thread-3] INFO org.example.domain.service.MatchingEngine -- MatchingEngine[SBER] order a47def9d-572c-48e4-839f-cef841b2918f ? 1 trades, remaining=3
01:25:55.568 [pool-2-thread-8] INFO org.example.domain.service.MatchingEngine -- MatchingEngine[SBER] order a33fa19f-a3df-48e9-a1f6-4daefc3e098d ? 0 trades, remaining=5
01:25:55.568 [pool-2-thread-4] INFO org.example.domain.service.MatchingEngine -- MatchingEngine[SBER] order 15108560-977d-4261-8837-4faefa8d97db ? 0 trades, remaining=5
01:25:55.568 [pool-2-thread-4] INFO org.example.domain.service.MatchingEngine -- MatchingEngine[SBER] order 1193230d-f833-45d6-8d4f-e446515aea61 ? 1 trades, remaining=0
01:25:55.568 [pool-2-thread-2] INFO org.example.domain.service.MatchingEngine -- MatchingEngine[SBER] order fc79a6d2-63a3-4c91-8c66-0fda547aab65 ? 0 trades, remaining=2
01:25:55.568 [pool-2-thread-5] INFO org.example.domain.service.MatchingEngine -- MatchingEngine[SBER] order b901dbc2-e1a6-43d6-b992-0a62436d7051 ? 0 trades, remaining=2
01:25:55.569 [pool-2-thread-10] INFO org.example.domain.service.MatchingEngine -- MatchingEngine[SBER] order 44cd3867-45e8-4d80-ac0a-b6a6b49ef062 ? 0 trades, remaining=5
01:25:55.569 [pool-2-thread-1] INFO org.example.domain.service.MatchingEngine -- MatchingEngine[SBER] order 2d971097-e4e7-40d9-9db4-1c039734f0cd ? 1 trades, remaining=0
01:25:55.569 [pool-2-thread-7] INFO org.example.domain.service.MatchingEngine -- MatchingEngine[SBER] order b778e6ce-68a8-423e-bd19-22f74ce9f07e ? 0 trades, remaining=2
01:25:55.570 [pool-2-thread-6] WARN org.example.domain.service.MatchingEngine -- Self-match prevented: user user5 order 15bc7997-bd48-44ab-b211-9d9d146b91ed vs c24beafd-8341-4a52-84e8-be810d6807cf
01:25:55.570 [pool-2-thread-6] INFO org.example.domain.service.MatchingEngine -- MatchingEngine[SBER] order 15bc7997-bd48-44ab-b211-9d9d146b91ed ? 1 trades, remaining=1
01:25:55.570 [pool-2-thread-9] INFO org.example.domain.service.MatchingEngine -- MatchingEngine[SBER] order ae306ef7-dadd-419a-a477-175a947e1590 ? 1 trades, remaining=0
01:25:55.570 [pool-2-thread-3] INFO org.example.domain.service.MatchingEngine -- MatchingEngine[SBER] order 4f121b9b-144e-4bee-bab1-2e28653c6388 ? 0 trades, remaining=5
01:25:55.570 [pool-2-thread-8] INFO org.example.domain.service.MatchingEngine -- MatchingEngine[SBER] order 4d660080-03e8-4406-a2c7-2cc90ca4ccfe ? 1 trades, remaining=0
01:25:55.570 [pool-2-thread-4] INFO org.example.domain.service.MatchingEngine -- MatchingEngine[SBER] order f69fbe66-6bd4-4d65-bd1a-cb1f2a8067cd ? 0 trades, remaining=2
01:25:55.570 [pool-2-thread-2] INFO org.example.domain.service.MatchingEngine -- MatchingEngine[SBER] order ba49fcdf-1831-4e35-a5fb-5f1ffc9efc20 ? 0 trades, remaining=3
01:25:55.570 [pool-2-thread-5] INFO org.example.domain.service.MatchingEngine -- MatchingEngine[SBER] order 88b19315-f8f0-4004-a801-e8a54ac94aaa ? 0 trades, remaining=3
01:25:55.570 [pool-2-thread-10] INFO org.example.domain.service.MatchingEngine -- MatchingEngine[SBER] order 9478ce7d-54c6-4214-a4cb-f49c6f249692 ? 1 trades, remaining=0
01:25:55.570 [pool-2-thread-5] INFO org.example.domain.service.MatchingEngine -- MatchingEngine[SBER] order fa50216a-cdbd-49a1-add1-b1aa3e1d1374 ? 2 trades, remaining=0
01:25:55.570 [pool-2-thread-1] INFO org.example.domain.service.MatchingEngine -- MatchingEngine[SBER] order 8911af02-5223-4243-8956-faf54b523f22 ? 0 trades, remaining=2
01:25:55.570 [pool-2-thread-7] INFO org.example.domain.service.MatchingEngine -- MatchingEngine[SBER] order 41631e2f-38a0-49e2-9a6d-f93cf4c1417d ? 0 trades, remaining=3
01:25:55.570 [pool-2-thread-6] INFO org.example.domain.service.MatchingEngine -- MatchingEngine[SBER] order f3f8b8d7-7e9c-4a43-b1cc-95bd7d07ced5 ? 0 trades, remaining=5
01:25:55.570 [pool-2-thread-9] INFO org.example.domain.service.MatchingEngine -- MatchingEngine[SBER] order da8557a3-b710-4856-b615-3832636604cf ? 0 trades, remaining=2
01:25:55.570 [pool-2-thread-3] INFO org.example.domain.service.MatchingEngine -- MatchingEngine[SBER] order 4f498adf-522c-4601-baeb-e33cf02f9f59 ? 0 trades, remaining=1
01:25:55.571 [pool-2-thread-8] INFO org.example.domain.service.MatchingEngine -- MatchingEngine[SBER] order 3ef17d8e-9af1-40d7-a1e4-e4e807915cb5 ? 0 trades, remaining=2
01:25:55.571 [pool-2-thread-4] INFO org.example.domain.service.MatchingEngine -- MatchingEngine[SBER] order 3e7c5911-1607-4a49-9d60-f975a3a71218 ? 0 trades, remaining=3
01:25:55.571 [pool-2-thread-2] WARN org.example.domain.service.MatchingEngine -- Self-match prevented: user user1 order 604a596e-ecf5-476d-ae19-b5157451ad38 vs ba49fcdf-1831-4e35-a5fb-5f1ffc9efc20
01:25:55.571 [pool-2-thread-2] INFO org.example.domain.service.MatchingEngine -- MatchingEngine[SBER] order 604a596e-ecf5-476d-ae19-b5157451ad38 ? 0 trades, remaining=4
01:25:55.571 [pool-2-thread-10] INFO org.example.domain.service.MatchingEngine -- MatchingEngine[SBER] order 83e09011-83ab-492d-837d-6bf7245a709a ? 0 trades, remaining=2
01:25:55.571 [pool-2-thread-5] INFO org.example.domain.service.MatchingEngine -- MatchingEngine[SBER] order bdd89ab0-23b9-461f-ba0b-d0ef711a8439 ? 0 trades, remaining=5
01:25:55.571 [pool-2-thread-1] INFO org.example.domain.service.MatchingEngine -- MatchingEngine[SBER] order 6d4eef45-9c42-4dc1-8da2-3ffe00084bad ? 1 trades, remaining=0
01:25:55.571 [pool-2-thread-7] INFO org.example.domain.service.MatchingEngine -- MatchingEngine[SBER] order def748d6-c431-4958-865f-c75eeeccf0ed ? 2 trades, remaining=0
01:25:55.571 [pool-2-thread-6] INFO org.example.domain.service.MatchingEngine -- MatchingEngine[SBER] order 670d9dad-974f-4dee-a851-0e25d15b7655 ? 0 trades, remaining=1
01:25:55.571 [pool-2-thread-9] INFO org.example.domain.service.MatchingEngine -- MatchingEngine[SBER] order 590dff7c-3228-4a63-8e9c-00b402fc54f0 ? 1 trades, remaining=2
01:25:55.572 [pool-2-thread-3] INFO org.example.domain.service.MatchingEngine -- MatchingEngine[SBER] order a69ce9c0-10ee-423b-9980-ac732115c369 ? 2 trades, remaining=0
01:25:55.572 [pool-2-thread-8] INFO org.example.domain.service.MatchingEngine -- MatchingEngine[SBER] order bb76e2ea-f346-471c-ac48-ffc0c7afabf4 ? 0 trades, remaining=3
01:25:55.572 [pool-2-thread-4] INFO org.example.domain.service.MatchingEngine -- MatchingEngine[SBER] order e1104db1-6b82-468d-aa1f-cf026b31d2c2 ? 2 trades, remaining=0
01:25:55.572 [pool-2-thread-2] INFO org.example.domain.service.MatchingEngine -- MatchingEngine[SBER] order c80dd51e-5ee0-4673-a889-181fdba76dd2 ? 0 trades, remaining=5
01:25:55.572 [pool-2-thread-10] INFO org.example.domain.service.MatchingEngine -- MatchingEngine[SBER] order 7c807e99-1447-4a27-afad-246398b0d841 ? 0 trades, remaining=3
01:25:55.572 [pool-2-thread-5] INFO org.example.domain.service.MatchingEngine -- MatchingEngine[SBER] order 0b206c09-2ce1-4092-bb76-0e89feb35766 ? 0 trades, remaining=1
01:25:55.572 [pool-2-thread-1] INFO org.example.domain.service.MatchingEngine -- MatchingEngine[SBER] order a1a89224-8a38-44a9-b031-7ceae3194347 ? 2 trades, remaining=0
01:25:55.572 [pool-2-thread-7] INFO org.example.domain.service.MatchingEngine -- MatchingEngine[SBER] order f53300d6-a18c-40e5-8b9c-5e3774e6109f ? 0 trades, remaining=5
01:25:55.572 [pool-2-thread-6] INFO org.example.domain.service.MatchingEngine -- MatchingEngine[SBER] order 4d065a2a-de59-4a05-91d8-31a71c401718 ? 2 trades, remaining=0
01:25:55.573 [pool-2-thread-9] WARN org.example.domain.service.MatchingEngine -- Self-match prevented: user user8 order 3cf73bb1-2712-4ed1-aaa7-beb701d6cf64 vs 590dff7c-3228-4a63-8e9c-00b402fc54f0
01:25:55.573 [pool-2-thread-9] INFO org.example.domain.service.MatchingEngine -- MatchingEngine[SBER] order 3cf73bb1-2712-4ed1-aaa7-beb701d6cf64 ? 0 trades, remaining=4
01:25:55.573 [pool-2-thread-3] INFO org.example.domain.service.MatchingEngine -- MatchingEngine[SBER] order efb7290a-e9ff-4e08-b916-094b3ddf291e ? 0 trades, remaining=3
01:25:55.573 [pool-2-thread-8] WARN org.example.domain.service.MatchingEngine -- Self-match prevented: user user7 order d2f54ef6-7124-4ac6-818d-23173ed729bb vs bb76e2ea-f346-471c-ac48-ffc0c7afabf4
01:25:55.573 [pool-2-thread-8] INFO org.example.domain.service.MatchingEngine -- MatchingEngine[SBER] order d2f54ef6-7124-4ac6-818d-23173ed729bb ? 1 trades, remaining=3
01:25:55.574 [pool-2-thread-4] INFO org.example.domain.service.MatchingEngine -- MatchingEngine[SBER] order 3e00e568-03eb-4194-833f-827fd18b1b05 ? 0 trades, remaining=5
01:25:55.574 [pool-2-thread-2] INFO org.example.domain.service.MatchingEngine -- MatchingEngine[SBER] order 88df3aeb-cf50-4a44-b73f-e0513168bd7f ? 0 trades, remaining=1
01:25:55.574 [pool-2-thread-10] WARN org.example.domain.service.MatchingEngine -- Self-match prevented: user user9 order 73bf00a8-cc6c-425a-8290-f44836ae8a51 vs 7c807e99-1447-4a27-afad-246398b0d841
01:25:55.574 [pool-2-thread-10] INFO org.example.domain.service.MatchingEngine -- MatchingEngine[SBER] order 73bf00a8-cc6c-425a-8290-f44836ae8a51 ? 1 trades, remaining=1
01:25:55.574 [pool-2-thread-5] INFO org.example.domain.service.MatchingEngine -- MatchingEngine[SBER] order 5ca512c0-9366-4e6c-bd7e-b2615f6681af ? 1 trades, remaining=0
01:25:55.574 [pool-2-thread-1] INFO org.example.domain.service.MatchingEngine -- MatchingEngine[SBER] order 604836aa-2cff-4b77-a808-b361cf47778b ? 0 trades, remaining=5
01:25:55.574 [pool-2-thread-7] INFO org.example.domain.service.MatchingEngine -- MatchingEngine[SBER] order 9762717c-494c-4d43-9bd8-0046f9dd087a ? 0 trades, remaining=1
01:25:55.574 [pool-2-thread-6] INFO org.example.domain.service.MatchingEngine -- MatchingEngine[SBER] order 1de2d1b8-f8ca-430f-b535-3106d776ee64 ? 0 trades, remaining=3
01:25:55.574 [pool-2-thread-9] INFO org.example.domain.service.MatchingEngine -- MatchingEngine[SBER] order 3c167d64-82cb-4c0f-a2f7-73158e6302e5 ? 0 trades, remaining=5
01:25:55.574 [pool-2-thread-3] INFO org.example.domain.service.MatchingEngine -- MatchingEngine[SBER] order fbe574ae-ce91-4b30-b351-b02a7b689458 ? 2 trades, remaining=0
01:25:55.574 [pool-2-thread-8] INFO org.example.domain.service.MatchingEngine -- MatchingEngine[SBER] order 2178dbeb-3d10-42ac-a475-0d413245ba7f ? 0 trades, remaining=5
01:25:55.574 [pool-2-thread-4] INFO org.example.domain.service.MatchingEngine -- MatchingEngine[SBER] order d5684e4b-d899-4495-a96f-6d0b0cc8d166 ? 0 trades, remaining=1
01:25:55.574 [pool-2-thread-2] INFO org.example.domain.service.MatchingEngine -- MatchingEngine[SBER] order c30865ec-9cf3-4eb9-906f-ed0aa0702dd5 ? 2 trades, remaining=0
01:25:55.574 [pool-2-thread-10] INFO org.example.domain.service.MatchingEngine -- MatchingEngine[SBER] order 4b299262-e54d-45fe-be49-208f4e1fdf0e ? 0 trades, remaining=5
01:25:55.574 [pool-2-thread-5] INFO org.example.domain.service.MatchingEngine -- MatchingEngine[SBER] order bc18ff8b-d795-49b3-8b68-a54a8d1cff2c ? 0 trades, remaining=3
01:25:55.574 [pool-2-thread-1] INFO org.example.domain.service.MatchingEngine -- MatchingEngine[SBER] order a9480dad-10f1-4fec-a475-a93f43774165 ? 0 trades, remaining=1
01:25:55.575 [pool-2-thread-7] WARN org.example.domain.service.MatchingEngine -- Self-match prevented: user user6 order 397cd72f-de81-4d70-8977-9e9bc4183416 vs b778e6ce-68a8-423e-bd19-22f74ce9f07e
01:25:55.575 [pool-2-thread-7] INFO org.example.domain.service.MatchingEngine -- MatchingEngine[SBER] order 397cd72f-de81-4d70-8977-9e9bc4183416 ? 0 trades, remaining=2
01:25:55.575 [pool-2-thread-6] INFO org.example.domain.service.MatchingEngine -- MatchingEngine[SBER] order e52b3647-28a0-447b-8a17-488513112d1e ? 3 trades, remaining=0
01:25:55.575 [pool-2-thread-9] INFO org.example.domain.service.MatchingEngine -- MatchingEngine[SBER] order 5d5778bf-58f2-4aa9-96a9-a5dad960759e ? 0 trades, remaining=1
01:25:55.575 [pool-2-thread-3] INFO org.example.domain.service.MatchingEngine -- MatchingEngine[SBER] order 1d3c1cf8-438e-4053-b429-e54c973ab8ff ? 1 trades, remaining=3
01:25:55.575 [pool-2-thread-8] INFO org.example.domain.service.MatchingEngine -- MatchingEngine[SBER] order be9df18a-f449-4ce6-a49f-312cd66eb928 ? 0 trades, remaining=1
01:25:55.575 [pool-2-thread-4] INFO org.example.domain.service.MatchingEngine -- MatchingEngine[SBER] order 7d66e4f4-23f3-4f5b-8566-760e9bb95631 ? 2 trades, remaining=0
01:25:55.575 [pool-2-thread-8] WARN org.example.domain.service.MatchingEngine -- Self-match prevented: user user7 order d16072b9-68d9-481b-9843-705d3baa68b8 vs 3ef17d8e-9af1-40d7-a1e4-e4e807915cb5
01:25:55.575 [pool-2-thread-8] INFO org.example.domain.service.MatchingEngine -- MatchingEngine[SBER] order d16072b9-68d9-481b-9843-705d3baa68b8 ? 1 trades, remaining=1
01:25:55.575 [pool-2-thread-2] INFO org.example.domain.service.MatchingEngine -- MatchingEngine[SBER] order 2e911138-4d5b-41c4-b46d-a3f0e4f57b7e ? 1 trades, remaining=2
01:25:55.575 [pool-2-thread-10] INFO org.example.domain.service.MatchingEngine -- MatchingEngine[SBER] order 060901bf-5454-48ce-b143-2c5717c0196f ? 0 trades, remaining=1
01:25:55.575 [pool-2-thread-5] INFO org.example.domain.service.MatchingEngine -- MatchingEngine[SBER] order 6a0fa1ce-487d-4acc-9745-d810a5156b63 ? 2 trades, remaining=0
01:25:55.575 [pool-2-thread-1] INFO org.example.domain.service.MatchingEngine -- MatchingEngine[SBER] order 1e66d0a5-d9fe-432f-8048-82f5dd4338f3 ? 1 trades, remaining=0
01:25:55.575 [pool-2-thread-7] INFO org.example.domain.service.MatchingEngine -- MatchingEngine[SBER] order d1452962-6cee-4670-8b9b-46e2fa492a7a ? 0 trades, remaining=3
01:25:55.575 [pool-2-thread-6] INFO org.example.domain.service.MatchingEngine -- MatchingEngine[SBER] order 4aba73c7-330e-4560-b93e-65335f7e3e6f ? 0 trades, remaining=5
01:25:55.575 [pool-2-thread-9] WARN org.example.domain.service.MatchingEngine -- Self-match prevented: user user8 order 988d53e2-abf4-4d83-8262-266a36b7ec2f vs 1a7cf531-28e4-4066-965a-d5b967efa5f8
01:25:55.575 [pool-2-thread-9] INFO org.example.domain.service.MatchingEngine -- MatchingEngine[SBER] order 988d53e2-abf4-4d83-8262-266a36b7ec2f ? 0 trades, remaining=2
01:25:55.575 [pool-2-thread-3] INFO org.example.domain.service.MatchingEngine -- MatchingEngine[SBER] order 81aa7648-6917-45ff-89fe-de21f6a8087e ? 0 trades, remaining=1
01:25:55.576 [pool-2-thread-4] INFO org.example.domain.service.MatchingEngine -- MatchingEngine[SBER] order e4c8b1a7-c04b-406b-874a-c487d4f18543 ? 1 trades, remaining=1
01:25:55.576 [pool-2-thread-8] INFO org.example.domain.service.MatchingEngine -- MatchingEngine[SBER] order 3cff53fe-e6eb-4d72-b0ee-adf6580b77e5 ? 0 trades, remaining=3
01:25:55.576 [pool-2-thread-2] INFO org.example.domain.service.MatchingEngine -- MatchingEngine[SBER] order e8df7d2f-34a1-43a1-9a16-0659458a9b26 ? 2 trades, remaining=0
01:25:55.576 [pool-2-thread-10] INFO org.example.domain.service.MatchingEngine -- MatchingEngine[SBER] order 0e7ee7c4-3d47-455f-bf2f-4e92ca86cdd0 ? 1 trades, remaining=0
01:25:55.576 [pool-2-thread-5] INFO org.example.domain.service.MatchingEngine -- MatchingEngine[SBER] order dc845acc-9094-47ee-bcf2-39f2204f65f4 ? 0 trades, remaining=5
01:25:55.576 [pool-2-thread-1] INFO org.example.domain.service.MatchingEngine -- MatchingEngine[SBER] order e9661e33-cce4-4f6c-a4dc-6966c1916d50 ? 0 trades, remaining=3
01:25:55.576 [pool-2-thread-7] INFO org.example.domain.service.MatchingEngine -- MatchingEngine[SBER] order ca5be00f-7e12-499c-aa04-07267def2346 ? 1 trades, remaining=0
01:25:55.576 [pool-2-thread-6] INFO org.example.domain.service.MatchingEngine -- MatchingEngine[SBER] order 40aa7998-8609-4860-9238-a7960c6fc85d ? 0 trades, remaining=1
01:25:55.576 [pool-2-thread-7] INFO org.example.domain.service.MatchingEngine -- MatchingEngine[SBER] order 6a4b3bba-b282-4e55-949c-c3f4db17047d ? 0 trades, remaining=5
01:25:55.576 [pool-2-thread-9] INFO org.example.domain.service.MatchingEngine -- MatchingEngine[SBER] order a9606b1f-4110-4e6e-a09e-24d7904d92ee ? 0 trades, remaining=3
01:25:55.576 [pool-2-thread-3] WARN org.example.domain.service.MatchingEngine -- Self-match prevented: user user2 order cf57aa94-8fc0-4a5c-9268-4859ca5b7bbf vs 81aa7648-6917-45ff-89fe-de21f6a8087e
01:25:55.576 [pool-2-thread-3] INFO org.example.domain.service.MatchingEngine -- MatchingEngine[SBER] order cf57aa94-8fc0-4a5c-9268-4859ca5b7bbf ? 0 trades, remaining=2
01:25:55.576 [pool-2-thread-4] WARN org.example.domain.service.MatchingEngine -- Self-match prevented: user user3 order 6c17129c-05e5-4c27-b92c-331223ebe041 vs 6347e7f5-dc18-498f-bfa9-3ee803a0ab37
01:25:55.576 [pool-2-thread-4] INFO org.example.domain.service.MatchingEngine -- MatchingEngine[SBER] order 6c17129c-05e5-4c27-b92c-331223ebe041 ? 2 trades, remaining=1
01:25:55.576 [pool-2-thread-8] INFO org.example.domain.service.MatchingEngine -- MatchingEngine[SBER] order 2d4e6fd2-56a1-4efe-8b5f-d3382deb34c5 ? 1 trades, remaining=0
01:25:55.577 [pool-2-thread-2] INFO org.example.domain.service.MatchingEngine -- MatchingEngine[SBER] order 14f8934e-8bb7-4ce3-b0ba-e89997ad99dc ? 1 trades, remaining=4
01:25:55.577 [pool-2-thread-10] INFO org.example.domain.service.MatchingEngine -- MatchingEngine[SBER] order 8bc21e49-fc9b-4a72-84db-8c1cb7b626d2 ? 0 trades, remaining=3
01:25:55.577 [pool-2-thread-5] INFO org.example.domain.service.MatchingEngine -- MatchingEngine[SBER] order 355641b9-2158-48d3-947c-129afaf0f80e ? 0 trades, remaining=1
[...]
01:25:55.613 [pool-2-thread-10] INFO org.example.domain.service.MatchingEngine -- MatchingEngine[SBER] order 2f880fc1-983c-4958-b0c5-f6cb733cac8a ? 0 trades, remaining=5
01:25:55.613 [pool-2-thread-6] INFO org.example.domain.service.MatchingEngine -- MatchingEngine[SBER] order 7989437b-6d9e-4caa-a9fa-6a985d6850c4 ? 0 trades, remaining=5
01:25:55.613 [pool-2-thread-3] INFO org.example.domain.service.MatchingEngine -- MatchingEngine[SBER] order d8d3f865-bb7f-4bba-9d8b-01122044b329 ? 1 trades, remaining=0
01:25:55.613 [pool-2-thread-7] INFO org.example.domain.service.MatchingEngine -- MatchingEngine[SBER] order cfcb85a4-afb2-42a1-9db4-f50ef5410ef2 ? 0 trades, remaining=3
01:25:55.613 [pool-2-thread-1] INFO org.example.domain.service.MatchingEngine -- MatchingEngine[SBER] order eb081012-bddc-4a98-8c1c-bcda773463b6 ? 2 trades, remaining=0
01:25:55.613 [pool-2-thread-9] INFO org.example.domain.service.MatchingEngine -- MatchingEngine[SBER] order 22e57448-60d1-4258-ba6f-0d204b898a61 ? 1 trades, remaining=0
01:25:55.613 [pool-2-thread-2] INFO org.example.domain.service.MatchingEngine -- MatchingEngine[SBER] order c663c315-c8b2-43ba-bd85-885b2baad4b8 ? 0 trades, remaining=2
01:25:55.615 [pool-2-thread-9] INFO org.example.domain.service.MatchingEngine -- MatchingEngine[SBER] order dc4a3156-e35f-4fe9-b83d-28888ff0ff59 ? 0 trades, remaining=2
01:25:55.615 [pool-2-thread-4] INFO org.example.domain.service.MatchingEngine -- MatchingEngine[SBER] order db9ee366-4cc7-4a6a-a751-00e6513c98e9 ? 0 trades, remaining=3
01:25:55.615 [pool-2-thread-8] WARN org.example.domain.service.MatchingEngine -- Self-match prevented: user user7 order c6b065ca-7c59-4458-928e-3aca2b2bce68 vs 5cacb832-afec-47b6-9099-3d0bbcfc8573
01:25:55.615 [pool-2-thread-8] INFO org.example.domain.service.MatchingEngine -- MatchingEngine[SBER] order c6b065ca-7c59-4458-928e-3aca2b2bce68 ? 1 trades, remaining=1
01:25:55.615 [pool-2-thread-5] INFO org.example.domain.service.MatchingEngine -- MatchingEngine[SBER] order 7f0d31e6-cea5-40e3-882a-96ebd821cf35 ? 1 trades, remaining=2
01:25:55.615 [pool-2-thread-10] INFO org.example.domain.service.MatchingEngine -- MatchingEngine[SBER] order a07fb490-f3c6-4b3e-98da-c34bdddb7353 ? 0 trades, remaining=1
01:25:55.615 [pool-2-thread-5] INFO org.example.domain.service.MatchingEngine -- MatchingEngine[SBER] order 9f0825c5-469e-466e-8125-61aea772c596 ? 2 trades, remaining=0
01:25:55.615 [pool-2-thread-10] INFO org.example.domain.service.MatchingEngine -- MatchingEngine[SBER] order 76d74fc7-d8de-4590-9cfd-2c0cea116c15 ? 1 trades, remaining=0
01:25:55.615 [pool-2-thread-6] INFO org.example.domain.service.MatchingEngine -- MatchingEngine[SBER] order 7644b247-4cf1-46b3-bf40-334716e3f0e3 ? 1 trades, remaining=0
01:25:55.615 [pool-2-thread-3] INFO org.example.domain.service.MatchingEngine -- MatchingEngine[SBER] order 73bc6bb6-fcf6-43c8-b2c0-a9f6123ad29e ? 0 trades, remaining=2
01:25:55.615 [pool-2-thread-7] WARN org.example.domain.service.MatchingEngine -- Self-match prevented: user user6 order fac12577-0891-4430-a926-2e57681a132d vs cfcb85a4-afb2-42a1-9db4-f50ef5410ef2
01:25:55.615 [pool-2-thread-7] INFO org.example.domain.service.MatchingEngine -- MatchingEngine[SBER] order fac12577-0891-4430-a926-2e57681a132d ? 0 trades, remaining=4
01:25:55.615 [pool-2-thread-2] INFO org.example.domain.service.MatchingEngine -- MatchingEngine[SBER] order b215ebd3-ebee-4b0d-8905-0f04e80ebfa4 ? 1 trades, remaining=0
01:25:55.615 [pool-2-thread-1] INFO org.example.domain.service.MatchingEngine -- MatchingEngine[SBER] order 8abd2b0e-c9a3-4e01-96f0-621b513b8d09 ? 0 trades, remaining=5
01:25:55.615 [pool-2-thread-9] INFO org.example.domain.service.MatchingEngine -- MatchingEngine[SBER] order c8c6e08c-ecb6-4812-bd45-081ad457a3ee ? 1 trades, remaining=2
01:25:55.615 [pool-2-thread-4] WARN org.example.domain.service.MatchingEngine -- Self-match prevented: user user3 order 9af37e49-0da2-4329-a44f-b849005d8a51 vs db9ee366-4cc7-4a6a-a751-00e6513c98e9
01:25:55.615 [pool-2-thread-4] INFO org.example.domain.service.MatchingEngine -- MatchingEngine[SBER] order 9af37e49-0da2-4329-a44f-b849005d8a51 ? 1 trades, remaining=2
01:25:55.615 [pool-2-thread-8] INFO org.example.domain.service.MatchingEngine -- MatchingEngine[SBER] order 9b9f48cf-604d-401d-94fa-5b18d6cdd76e ? 0 trades, remaining=5
01:25:55.615 [pool-2-thread-5] INFO org.example.domain.service.MatchingEngine -- MatchingEngine[SBER] order a6158178-5487-4fac-9fae-53e9f65bfac2 ? 0 trades, remaining=5
01:25:55.615 [pool-2-thread-10] INFO org.example.domain.service.MatchingEngine -- MatchingEngine[SBER] order e78c14eb-334f-437c-8080-6dfa95f25194 ? 0 trades, remaining=3
01:25:55.615 [pool-2-thread-6] INFO org.example.domain.service.MatchingEngine -- MatchingEngine[SBER] order fad1fc2b-cca9-4b25-9dad-a169bd37b250 ? 0 trades, remaining=2
01:25:55.615 [pool-2-thread-10] INFO org.example.domain.service.MatchingEngine -- MatchingEngine[SBER] order 1ee4f4d4-24a3-464d-a115-8259decf03ee ? 3 trades, remaining=0
01:25:55.615 [pool-2-thread-3] INFO org.example.domain.service.MatchingEngine -- MatchingEngine[SBER] order bb56a86b-79d6-4ad0-b940-6abb7042247b ? 0 trades, remaining=3
01:25:55.615 [pool-2-thread-3] INFO org.example.domain.service.MatchingEngine -- MatchingEngine[SBER] order 0075220c-7e9c-4d94-b6ed-39872fa0c503 ? 2 trades, remaining=0
01:25:55.615 [pool-2-thread-7] INFO org.example.domain.service.MatchingEngine -- MatchingEngine[SBER] order 627357b8-470a-45b3-bec3-20735ce98e96 ? 0 trades, remaining=5
01:25:55.615 [pool-2-thread-2] INFO org.example.domain.service.MatchingEngine -- MatchingEngine[SBER] order 46365ca9-c601-4a4a-bfd3-f093b3ed86dc ? 3 trades, remaining=0
01:25:55.615 [pool-2-thread-2] INFO org.example.domain.service.MatchingEngine -- MatchingEngine[SBER] order dd16d2ed-6044-4ef9-a750-14b69b287967 ? 0 trades, remaining=5
01:25:55.615 [pool-2-thread-2] INFO org.example.domain.service.MatchingEngine -- MatchingEngine[SBER] order 32bb99d3-e0c5-43d6-89ee-2963372da14d ? 0 trades, remaining=1
01:25:55.615 [pool-2-thread-2] INFO org.example.domain.service.MatchingEngine -- MatchingEngine[SBER] order 46f2533e-65d2-4bb8-811c-6a9748a91e36 ? 2 trades, remaining=0
01:25:55.615 [pool-2-thread-2] INFO org.example.domain.service.MatchingEngine -- MatchingEngine[SBER] order 99552fc2-841c-4ebf-b5a5-d06ae27d25cd ? 0 trades, remaining=3
01:25:55.615 [pool-2-thread-2] WARN org.example.domain.service.MatchingEngine -- Self-match prevented: user user1 order d632b076-edb1-408c-8d80-b265273d5ad2 vs 3a4cf986-2c6a-424a-bc12-8bb4b0e232a1
01:25:55.615 [pool-2-thread-2] INFO org.example.domain.service.MatchingEngine -- MatchingEngine[SBER] order d632b076-edb1-408c-8d80-b265273d5ad2 ? 2 trades, remaining=1
01:25:55.615 [pool-2-thread-1] INFO org.example.domain.service.MatchingEngine -- MatchingEngine[SBER] order 0371a1cc-55a2-45ec-b95d-25fa5e45da0a ? 0 trades, remaining=1
01:25:55.616 [pool-2-thread-9] INFO org.example.domain.service.MatchingEngine -- MatchingEngine[SBER] order d56b6add-fe11-4ab9-aae9-335f560b1617 ? 2 trades, remaining=1
01:25:55.616 [pool-2-thread-4] INFO org.example.domain.service.MatchingEngine -- MatchingEngine[SBER] order 4d72d255-661c-4b94-a6a5-b44a38d2882d ? 0 trades, remaining=5
01:25:55.616 [pool-2-thread-5] INFO org.example.domain.service.MatchingEngine -- MatchingEngine[SBER] order 9889fc57-0e8e-4c2c-91ab-0f0a9b687b25 ? 0 trades, remaining=1
01:25:55.616 [pool-2-thread-6] INFO org.example.domain.service.MatchingEngine -- MatchingEngine[SBER] order 303dd240-4c92-4433-982c-101caaffca44 ? 1 trades, remaining=2
01:25:55.616 [pool-2-thread-10] INFO org.example.domain.service.MatchingEngine -- MatchingEngine[SBER] order b89a3008-b8ce-405b-ba12-8ed8ccb11482 ? 0 trades, remaining=5
01:25:55.616 [pool-2-thread-3] INFO org.example.domain.service.MatchingEngine -- MatchingEngine[SBER] order 5bb501ba-ed62-48c6-8be3-386810065ff4 ? 0 trades, remaining=5
01:25:55.616 [pool-2-thread-2] INFO org.example.domain.service.MatchingEngine -- MatchingEngine[SBER] order c4f91eb0-1f35-4e50-9286-c0590fb47f4c ? 0 trades, remaining=5
01:25:55.616 [pool-2-thread-1] INFO org.example.domain.service.MatchingEngine -- MatchingEngine[SBER] order 31774148-ba27-49b4-82d9-a2472dc61a5f ? 2 trades, remaining=0
01:25:55.616 [pool-2-thread-9] INFO org.example.domain.service.MatchingEngine -- MatchingEngine[SBER] order ca89e7b0-4054-4e85-82d6-9b9948b07f73 ? 0 trades, remaining=5
01:25:55.616 [pool-2-thread-4] INFO org.example.domain.service.MatchingEngine -- MatchingEngine[SBER] order 0d5cb9ad-3a22-451e-9ef9-5499dd1be5b1 ? 0 trades, remaining=1
01:25:55.616 [pool-2-thread-5] INFO org.example.domain.service.MatchingEngine -- MatchingEngine[SBER] order a929630e-110e-4076-a696-8d39f1313de4 ? 1 trades, remaining=0
01:25:55.616 [pool-2-thread-6] WARN org.example.domain.service.MatchingEngine -- Self-match prevented: user user5 order 780a4cec-4839-4876-a930-0abef985088c vs 303dd240-4c92-4433-982c-101caaffca44
01:25:55.616 [pool-2-thread-6] INFO org.example.domain.service.MatchingEngine -- MatchingEngine[SBER] order 780a4cec-4839-4876-a930-0abef985088c ? 0 trades, remaining=4
01:25:55.616 [pool-2-thread-10] INFO org.example.domain.service.MatchingEngine -- MatchingEngine[SBER] order cb1195a9-1060-4afc-9f74-3bbf14917c07 ? 1 trades, remaining=0
01:25:55.617 [pool-2-thread-3] INFO org.example.domain.service.MatchingEngine -- MatchingEngine[SBER] order 3020330f-da6c-4943-904d-0aa51ce42b4e ? 0 trades, remaining=1
01:25:55.617 [pool-2-thread-2] INFO org.example.domain.service.MatchingEngine -- MatchingEngine[SBER] order 7dd9fb74-118d-4745-b40d-d01f8e3c0d7d ? 1 trades, remaining=0
01:25:55.617 [pool-2-thread-1] INFO org.example.domain.service.MatchingEngine -- MatchingEngine[SBER] order f4f0d676-5848-443c-9937-17344bfc0369 ? 0 trades, remaining=3
01:25:55.617 [pool-2-thread-9] INFO org.example.domain.service.MatchingEngine -- MatchingEngine[SBER] order 3f43d283-0c63-40c4-b955-e7daf255b088 ? 0 trades, remaining=1
01:25:55.617 [pool-2-thread-4] INFO org.example.domain.service.MatchingEngine -- MatchingEngine[SBER] order 51744eb6-ac1f-4cac-b4ba-4eb551af37cb ? 1 trades, remaining=0
01:25:55.617 [pool-2-thread-5] INFO org.example.domain.service.MatchingEngine -- MatchingEngine[SBER] order b6adb16b-b908-4fe0-a190-c4155f978892 ? 0 trades, remaining=3
01:25:55.617 [pool-2-thread-4] INFO org.example.domain.service.MatchingEngine -- MatchingEngine[SBER] order a6f6c2b9-ecb5-4c07-b2bf-1345037f0a75 ? 0 trades, remaining=3
01:25:55.617 [pool-2-thread-6] INFO org.example.domain.service.MatchingEngine -- MatchingEngine[SBER] order 09f58de1-bd4b-4a46-995a-bd3085b14ef1 ? 0 trades, remaining=5
01:25:55.617 [pool-2-thread-10] INFO org.example.domain.service.MatchingEngine -- MatchingEngine[SBER] order b4458a11-f081-40d6-a1e9-7d2c6e66b781 ? 0 trades, remaining=2
01:25:55.617 [pool-2-thread-3] INFO org.example.domain.service.MatchingEngine -- MatchingEngine[SBER] order 2ab991cb-813c-47c8-bb40-5f97db81b344 ? 1 trades, remaining=0
01:25:55.617 [pool-2-thread-2] INFO org.example.domain.service.MatchingEngine -- MatchingEngine[SBER] order 9b9d0868-837f-4538-bef8-43ee867e5ee9 ? 0 trades, remaining=2
01:25:55.617 [pool-2-thread-1] INFO org.example.domain.service.MatchingEngine -- MatchingEngine[SBER] order 22119e0d-d9fc-4db8-b4f7-e68b56a5e204 ? 2 trades, remaining=0
01:25:55.617 [pool-2-thread-9] INFO org.example.domain.service.MatchingEngine -- MatchingEngine[SBER] order e26d3bcf-a618-4996-8a21-1136e56cff8c ? 1 trades, remaining=0
01:25:55.617 [pool-2-thread-5] WARN org.example.domain.service.MatchingEngine -- Self-match prevented: user user4 order 55cdce23-01c3-4710-815e-93dc2a17560b vs 7bbe48e8-214e-4ef8-bd89-360d30245fd8
01:25:55.618 [pool-2-thread-5] INFO org.example.domain.service.MatchingEngine -- MatchingEngine[SBER] order 55cdce23-01c3-4710-815e-93dc2a17560b ? 0 trades, remaining=4
01:25:55.618 [pool-2-thread-4] INFO org.example.domain.service.MatchingEngine -- MatchingEngine[SBER] order 5bdf3d25-217f-454b-b74a-9f4f0d371a57 ? 2 trades, remaining=0
01:25:55.618 [pool-2-thread-10] INFO org.example.domain.service.MatchingEngine -- MatchingEngine[SBER] order fa19244b-dfb3-4605-8a97-f1b6000e39e9 ? 0 trades, remaining=3
01:25:55.618 [pool-2-thread-3] INFO org.example.domain.service.MatchingEngine -- MatchingEngine[SBER] order 4d493c61-cb24-4dbc-b571-101aa92a9371 ? 0 trades, remaining=3
01:25:55.618 [pool-2-thread-2] INFO org.example.domain.service.MatchingEngine -- MatchingEngine[SBER] order b18d11c2-6be1-442e-877a-705187ca38ed ? 0 trades, remaining=3
01:25:55.618 [pool-2-thread-1] INFO org.example.domain.service.MatchingEngine -- MatchingEngine[SBER] order d2afca93-868e-4c65-b4a7-b173af2a5a81 ? 1 trades, remaining=1
01:25:55.618 [pool-2-thread-9] INFO org.example.domain.service.MatchingEngine -- MatchingEngine[SBER] order c92500af-549e-483f-8aec-30759be4af3a ? 0 trades, remaining=3
01:25:55.618 [pool-2-thread-5] INFO org.example.domain.service.MatchingEngine -- MatchingEngine[SBER] order 650dd122-45c7-44a7-90ee-9bdbb9233476 ? 0 trades, remaining=5
01:25:55.618 [pool-2-thread-4] INFO org.example.domain.service.MatchingEngine -- MatchingEngine[SBER] order 5fef98be-1e76-45bd-89f6-a915ccba09db ? 0 trades, remaining=5
01:25:55.618 [pool-2-thread-10] WARN org.example.domain.service.MatchingEngine -- Self-match prevented: user user9 order e7cd7006-a01d-4ce6-ac80-2e068ef322aa vs fa19244b-dfb3-4605-8a97-f1b6000e39e9
01:25:55.618 [pool-2-thread-10] INFO org.example.domain.service.MatchingEngine -- MatchingEngine[SBER] order e7cd7006-a01d-4ce6-ac80-2e068ef322aa ? 1 trades, remaining=2
01:25:55.618 [pool-2-thread-3] INFO org.example.domain.service.MatchingEngine -- MatchingEngine[SBER] order 8d6db6d9-3ed2-436d-a313-2d4dd8b90b7b ? 2 trades, remaining=0
01:25:55.618 [pool-2-thread-2] WARN org.example.domain.service.MatchingEngine -- Self-match prevented: user user1 order 506185dd-6597-4d60-88e5-9b58c6b4a150 vs b18d11c2-6be1-442e-877a-705187ca38ed
01:25:55.618 [pool-2-thread-2] INFO org.example.domain.service.MatchingEngine -- MatchingEngine[SBER] order 506185dd-6597-4d60-88e5-9b58c6b4a150 ? 1 trades, remaining=1
01:25:55.618 [pool-2-thread-1] INFO org.example.domain.service.MatchingEngine -- MatchingEngine[SBER] order 46d156e8-7dfa-4e3e-ac9e-aec2cc129cdb ? 1 trades, remaining=0
01:25:55.618 [pool-2-thread-9] INFO org.example.domain.service.MatchingEngine -- MatchingEngine[SBER] order b5ca79b4-6441-4651-ba7e-f4a4ba9777d1 ? 2 trades, remaining=0
01:25:55.618 [pool-2-thread-5] INFO org.example.domain.service.MatchingEngine -- MatchingEngine[SBER] order 265444e5-bda2-44d4-8af9-cfe72d5ef98c ? 0 trades, remaining=1
01:25:55.618 [pool-2-thread-4] INFO org.example.domain.service.MatchingEngine -- MatchingEngine[SBER] order cc2b2d2a-3462-4cb3-b0ca-022766cb0dd9 ? 0 trades, remaining=1
01:25:55.618 [pool-2-thread-10] INFO org.example.domain.service.MatchingEngine -- MatchingEngine[SBER] order dfecb451-c1ff-40a8-a048-71082bd62a73 ? 0 trades, remaining=5
01:25:55.618 [pool-2-thread-3] INFO org.example.domain.service.MatchingEngine -- MatchingEngine[SBER] order 19d79247-8deb-4839-a755-2f5f036b8768 ? 0 trades, remaining=5
01:25:55.618 [pool-2-thread-2] INFO org.example.domain.service.MatchingEngine -- MatchingEngine[SBER] order 1aef02c5-1a1c-4432-87bc-a3f89b06b061 ? 0 trades, remaining=5
01:25:55.618 [pool-2-thread-1] INFO org.example.domain.service.MatchingEngine -- MatchingEngine[SBER] order cadb9619-3b02-4cda-beeb-298cf6da33b4 ? 2 trades, remaining=0
01:25:55.618 [pool-2-thread-9] INFO org.example.domain.service.MatchingEngine -- MatchingEngine[SBER] order 41a5c535-7606-46f1-be02-33eca0330855 ? 0 trades, remaining=5
01:25:55.618 [pool-2-thread-5] INFO org.example.domain.service.MatchingEngine -- MatchingEngine[SBER] order 2f745cae-d868-4018-add6-eba9cf59a91f ? 0 trades, remaining=2
01:25:55.618 [pool-2-thread-4] INFO org.example.domain.service.MatchingEngine -- MatchingEngine[SBER] order d9c73b9d-0136-4031-bded-aa6a1ff325c1 ? 0 trades, remaining=2
01:25:55.618 [pool-2-thread-3] INFO org.example.domain.service.MatchingEngine -- MatchingEngine[SBER] order 44b77b09-bb78-486c-beba-37692d752c58 ? 1 trades, remaining=0
01:25:55.618 [pool-2-thread-1] INFO org.example.domain.service.MatchingEngine -- MatchingEngine[SBER] order 43740f3d-f6dd-4c8b-a146-7d3537b02b23 ? 0 trades, remaining=3
01:25:55.618 [pool-2-thread-9] INFO org.example.domain.service.MatchingEngine -- MatchingEngine[SBER] order b64ee1dc-a53d-4bd1-8c9f-778c0d70140e ? 1 trades, remaining=0
01:25:55.618 [pool-2-thread-1] WARN org.example.domain.service.MatchingEngine -- Self-match prevented: user user0 order cfffd2ba-b22e-42d4-a6a1-2bfadb71c477 vs 43740f3d-f6dd-4c8b-a146-7d3537b02b23
01:25:55.618 [pool-2-thread-1] INFO org.example.domain.service.MatchingEngine -- MatchingEngine[SBER] order cfffd2ba-b22e-42d4-a6a1-2bfadb71c477 ? 1 trades, remaining=1
01:25:55.618 [pool-2-thread-5] INFO org.example.domain.service.MatchingEngine -- MatchingEngine[SBER] order 57a138ac-dd31-4d9f-8369-f7f769eab1bd ? 1 trades, remaining=2
01:25:55.618 [pool-2-thread-1] INFO org.example.domain.service.MatchingEngine -- MatchingEngine[SBER] order cac26910-5deb-4801-aaaf-6f69313fe64e ? 0 trades, remaining=5
01:25:55.618 [pool-2-thread-5] WARN org.example.domain.service.MatchingEngine -- Self-match prevented: user user4 order 33b150ac-e66b-47ea-9f7e-b82c7580fcca vs 57a138ac-dd31-4d9f-8369-f7f769eab1bd
01:25:55.618 [pool-2-thread-5] INFO org.example.domain.service.MatchingEngine -- MatchingEngine[SBER] order 33b150ac-e66b-47ea-9f7e-b82c7580fcca ? 1 trades, remaining=1
01:25:55.618 [pool-2-thread-4] INFO org.example.domain.service.MatchingEngine -- MatchingEngine[SBER] order 27fe4860-366a-4037-bf40-2e93cd98823b ? 1 trades, remaining=2
01:25:55.618 [pool-2-thread-3] INFO org.example.domain.service.MatchingEngine -- MatchingEngine[SBER] order a8ab31a2-0ce4-4bc7-8c1b-864cde4b3047 ? 0 trades, remaining=2
01:25:55.618 [pool-2-thread-3] INFO org.example.domain.service.MatchingEngine -- MatchingEngine[SBER] order 4bf7fce5-bed2-40ec-a019-06ed732c7529 ? 0 trades, remaining=3
01:25:55.618 [pool-2-thread-9] INFO org.example.domain.service.MatchingEngine -- MatchingEngine[SBER] order ab53f311-7fee-4fe8-89d1-f634874a3572 ? 0 trades, remaining=2
01:25:55.618 [pool-2-thread-5] INFO org.example.domain.service.MatchingEngine -- MatchingEngine[SBER] order 77178056-660b-4a79-b34d-4d580aa8234a ? 0 trades, remaining=5
01:25:55.618 [pool-2-thread-4] WARN org.example.domain.service.MatchingEngine -- Self-match prevented: user user3 order 03eb825c-57bf-4a47-8abe-0485c4a99cfd vs 27fe4860-366a-4037-bf40-2e93cd98823b
01:25:55.618 [pool-2-thread-4] INFO org.example.domain.service.MatchingEngine -- MatchingEngine[SBER] order 03eb825c-57bf-4a47-8abe-0485c4a99cfd ? 1 trades, remaining=2
01:25:55.618 [pool-2-thread-3] WARN org.example.domain.service.MatchingEngine -- Self-match prevented: user user2 order e8e30f36-0a01-4490-a28a-a27f93fc33c8 vs 4bf7fce5-bed2-40ec-a019-06ed732c7529
01:25:55.618 [pool-2-thread-3] INFO org.example.domain.service.MatchingEngine -- MatchingEngine[SBER] order e8e30f36-0a01-4490-a28a-a27f93fc33c8 ? 1 trades, remaining=2
01:25:55.618 [pool-2-thread-9] INFO org.example.domain.service.MatchingEngine -- MatchingEngine[SBER] order e7598c94-9ba5-4988-897f-e585e0f9b487 ? 2 trades, remaining=0
01:25:55.618 [pool-2-thread-4] INFO org.example.domain.service.MatchingEngine -- MatchingEngine[SBER] order 48b0eb37-da28-4140-a065-0d3bbb7f7989 ? 0 trades, remaining=5
01:25:55.618 [pool-2-thread-3] INFO org.example.domain.service.MatchingEngine -- MatchingEngine[SBER] order 0f590ad6-c661-4994-8aa9-744dd1e4a6b4 ? 0 trades, remaining=5
01:25:55.618 [pool-2-thread-9] INFO org.example.domain.service.MatchingEngine -- MatchingEngine[SBER] order 240b2699-23cd-40f1-bd10-c697cd650f1e ? 1 trades, remaining=1
01:25:55.618 [pool-2-thread-9] INFO org.example.domain.service.MatchingEngine -- MatchingEngine[SBER] order 0b090050-4bea-4f02-9780-84c5bb5f3f73 ? 0 trades, remaining=5
]]></system-out>
  </testcase>
</testsuite>